
*** Running vivado
    with args -log Netlist1.vds -m64 -mode batch -messageDb vivado.pb -notrace -source Netlist1.tcl


****** Vivado v2016.2 (64-bit)
  **** SW Build 1577090 on Thu Jun  2 16:32:40 MDT 2016
  **** IP Build 1577682 on Fri Jun  3 12:00:54 MDT 2016
    ** Copyright 1986-2016 Xilinx, Inc. All Rights Reserved.

source Netlist1.tcl -notrace
Command: synth_design -top Netlist1 -part xc7a100tcsg324-1 -generic DATAWIDTH=16
Starting synth_design
Attempting to get a license for feature 'Synthesis' and/or device 'xc7a100t'
INFO: [Common 17-349] Got license for feature 'Synthesis' and/or device 'xc7a100t'
INFO: Launching helper process for spawning children vivado processes
INFO: Helper process launched with PID 14880 
---------------------------------------------------------------------------------
Starting Synthesize : Time (s): cpu = 00:00:05 ; elapsed = 00:00:06 . Memory (MB): peak = 272.672 ; gain = 65.516
---------------------------------------------------------------------------------
INFO: [Synth 8-638] synthesizing module 'Netlist1' [C:/Users/Schifman Ben/Documents/UofA/Senior 2016-2017/Fall 2016/574 ECE/ECE574/Assignments/Assignment1/Assignment1/Assignment1.srcs/sources_1/new/Netlist1.v:23]
INFO: [Synth 8-638] synthesizing module 'ADD2' [C:/Users/Schifman Ben/Documents/UofA/Senior 2016-2017/Fall 2016/574 ECE/ECE574/Assignments/Assignment1/Assignment1/Assignment1.srcs/sources_1/new/ADD.v:23]
	Parameter DATAWIDTH bound to: 8 - type: integer 
INFO: [Synth 8-256] done synthesizing module 'ADD2' (1#1) [C:/Users/Schifman Ben/Documents/UofA/Senior 2016-2017/Fall 2016/574 ECE/ECE574/Assignments/Assignment1/Assignment1/Assignment1.srcs/sources_1/new/ADD.v:23]
INFO: [Synth 8-638] synthesizing module 'COMP2' [C:/Users/Schifman Ben/Documents/UofA/Senior 2016-2017/Fall 2016/574 ECE/ECE574/Assignments/Assignment1/Assignment1/Assignment1.srcs/sources_1/new/COMP.v:23]
	Parameter DATAWIDTH bound to: 16 - type: integer 
INFO: [Synth 8-256] done synthesizing module 'COMP2' (2#1) [C:/Users/Schifman Ben/Documents/UofA/Senior 2016-2017/Fall 2016/574 ECE/ECE574/Assignments/Assignment1/Assignment1/Assignment1.srcs/sources_1/new/COMP.v:23]
WARNING: [Synth 8-689] width (8) of port connection 'a' does not match port width (16) of module 'COMP2' [C:/Users/Schifman Ben/Documents/UofA/Senior 2016-2017/Fall 2016/574 ECE/ECE574/Assignments/Assignment1/Assignment1/Assignment1.srcs/sources_1/new/Netlist1.v:37]
WARNING: [Synth 8-689] width (8) of port connection 'b' does not match port width (16) of module 'COMP2' [C:/Users/Schifman Ben/Documents/UofA/Senior 2016-2017/Fall 2016/574 ECE/ECE574/Assignments/Assignment1/Assignment1/Assignment1.srcs/sources_1/new/Netlist1.v:37]
WARNING: [Synth 8-689] width (16) of port connection 'lt' does not match port width (1) of module 'COMP2' [C:/Users/Schifman Ben/Documents/UofA/Senior 2016-2017/Fall 2016/574 ECE/ECE574/Assignments/Assignment1/Assignment1/Assignment1.srcs/sources_1/new/Netlist1.v:37]
INFO: [Synth 8-638] synthesizing module 'MUX2x1' [C:/Users/Schifman Ben/Documents/UofA/Senior 2016-2017/Fall 2016/574 ECE/ECE574/Assignments/Assignment1/Assignment1/Assignment1.srcs/sources_1/new/MUX2x1.v:23]
	Parameter DATAWIDTH bound to: 8 - type: integer 
WARNING: [Synth 8-567] referenced signal 'a' should be on the sensitivity list [C:/Users/Schifman Ben/Documents/UofA/Senior 2016-2017/Fall 2016/574 ECE/ECE574/Assignments/Assignment1/Assignment1/Assignment1.srcs/sources_1/new/MUX2x1.v:29]
WARNING: [Synth 8-567] referenced signal 'b' should be on the sensitivity list [C:/Users/Schifman Ben/Documents/UofA/Senior 2016-2017/Fall 2016/574 ECE/ECE574/Assignments/Assignment1/Assignment1/Assignment1.srcs/sources_1/new/MUX2x1.v:29]
INFO: [Synth 8-256] done synthesizing module 'MUX2x1' (3#1) [C:/Users/Schifman Ben/Documents/UofA/Senior 2016-2017/Fall 2016/574 ECE/ECE574/Assignments/Assignment1/Assignment1/Assignment1.srcs/sources_1/new/MUX2x1.v:23]
WARNING: [Synth 8-689] width (16) of port connection 'sel' does not match port width (1) of module 'MUX2x1' [C:/Users/Schifman Ben/Documents/UofA/Senior 2016-2017/Fall 2016/574 ECE/ECE574/Assignments/Assignment1/Assignment1/Assignment1.srcs/sources_1/new/Netlist1.v:38]
INFO: [Synth 8-638] synthesizing module 'MUL2' [C:/Users/Schifman Ben/Documents/UofA/Senior 2016-2017/Fall 2016/574 ECE/ECE574/Assignments/Assignment1/Assignment1/Assignment1.srcs/sources_1/new/MUL.v:22]
	Parameter DATAWIDTH bound to: 8 - type: integer 
INFO: [Synth 8-256] done synthesizing module 'MUL2' (4#1) [C:/Users/Schifman Ben/Documents/UofA/Senior 2016-2017/Fall 2016/574 ECE/ECE574/Assignments/Assignment1/Assignment1/Assignment1.srcs/sources_1/new/MUL.v:22]
INFO: [Synth 8-638] synthesizing module 'SUB2' [C:/Users/Schifman Ben/Documents/UofA/Senior 2016-2017/Fall 2016/574 ECE/ECE574/Assignments/Assignment1/Assignment1/Assignment1.srcs/sources_1/new/SUB.v:23]
	Parameter DATAWIDTH bound to: 16 - type: integer 
INFO: [Synth 8-256] done synthesizing module 'SUB2' (5#1) [C:/Users/Schifman Ben/Documents/UofA/Senior 2016-2017/Fall 2016/574 ECE/ECE574/Assignments/Assignment1/Assignment1/Assignment1.srcs/sources_1/new/SUB.v:23]
WARNING: [Synth 8-689] width (8) of port connection 'b' does not match port width (16) of module 'SUB2' [C:/Users/Schifman Ben/Documents/UofA/Senior 2016-2017/Fall 2016/574 ECE/ECE574/Assignments/Assignment1/Assignment1/Assignment1.srcs/sources_1/new/Netlist1.v:40]
INFO: [Synth 8-638] synthesizing module 'REG' [C:/Users/Schifman Ben/Documents/UofA/Senior 2016-2017/Fall 2016/574 ECE/ECE574/Assignments/Assignment1/Assignment1/Assignment1.srcs/sources_1/new/REG.v:23]
	Parameter DATAWIDTH bound to: 16 - type: integer 
INFO: [Synth 8-256] done synthesizing module 'REG' (6#1) [C:/Users/Schifman Ben/Documents/UofA/Senior 2016-2017/Fall 2016/574 ECE/ECE574/Assignments/Assignment1/Assignment1/Assignment1.srcs/sources_1/new/REG.v:23]
INFO: [Synth 8-256] done synthesizing module 'Netlist1' (7#1) [C:/Users/Schifman Ben/Documents/UofA/Senior 2016-2017/Fall 2016/574 ECE/ECE574/Assignments/Assignment1/Assignment1/Assignment1.srcs/sources_1/new/Netlist1.v:23]
WARNING: [Synth 8-3301] Unused top level parameter/generic DATAWIDTH
---------------------------------------------------------------------------------
Finished Synthesize : Time (s): cpu = 00:00:06 ; elapsed = 00:00:07 . Memory (MB): peak = 310.148 ; gain = 102.992
---------------------------------------------------------------------------------
---------------------------------------------------------------------------------
Finished Constraint Validation : Time (s): cpu = 00:00:06 ; elapsed = 00:00:07 . Memory (MB): peak = 310.148 ; gain = 102.992
---------------------------------------------------------------------------------
---------------------------------------------------------------------------------
Start Loading Part and Timing Information
---------------------------------------------------------------------------------
Loading part: xc7a100tcsg324-1
---------------------------------------------------------------------------------
Finished Loading Part and Timing Information : Time (s): cpu = 00:00:06 ; elapsed = 00:00:07 . Memory (MB): peak = 310.148 ; gain = 102.992
---------------------------------------------------------------------------------
INFO: [Device 21-403] Loading part xc7a100tcsg324-1
WARNING: [Synth 8-327] inferring latch for variable 'gt_reg' [C:/Users/Schifman Ben/Documents/UofA/Senior 2016-2017/Fall 2016/574 ECE/ECE574/Assignments/Assignment1/Assignment1/Assignment1.srcs/sources_1/new/COMP.v:30]
WARNING: [Synth 8-327] inferring latch for variable 'lt_reg' [C:/Users/Schifman Ben/Documents/UofA/Senior 2016-2017/Fall 2016/574 ECE/ECE574/Assignments/Assignment1/Assignment1/Assignment1.srcs/sources_1/new/COMP.v:32]
WARNING: [Synth 8-327] inferring latch for variable 'eq_reg' [C:/Users/Schifman Ben/Documents/UofA/Senior 2016-2017/Fall 2016/574 ECE/ECE574/Assignments/Assignment1/Assignment1/Assignment1.srcs/sources_1/new/COMP.v:34]
---------------------------------------------------------------------------------
Finished RTL Optimization Phase 2 : Time (s): cpu = 00:00:06 ; elapsed = 00:00:07 . Memory (MB): peak = 317.035 ; gain = 109.879
---------------------------------------------------------------------------------

Report RTL Partitions: 
+-+--------------+------------+----------+
| |RTL Partition |Replication |Instances |
+-+--------------+------------+----------+
+-+--------------+------------+----------+
No constraint files found.
---------------------------------------------------------------------------------
Start RTL Component Statistics 
---------------------------------------------------------------------------------
Detailed RTL Component Info : 
+---Adders : 
	   3 Input     16 Bit       Adders := 1     
	   2 Input      8 Bit       Adders := 2     
+---Registers : 
	               16 Bit    Registers := 1     
+---Muxes : 
	   2 Input      8 Bit        Muxes := 1     
---------------------------------------------------------------------------------
Finished RTL Component Statistics 
---------------------------------------------------------------------------------
---------------------------------------------------------------------------------
Start RTL Hierarchical Component Statistics 
---------------------------------------------------------------------------------
Hierarchical RTL Component report 
Module ADD2 
Detailed RTL Component Info : 
+---Adders : 
	   2 Input      8 Bit       Adders := 1     
Module MUX2x1 
Detailed RTL Component Info : 
+---Muxes : 
	   2 Input      8 Bit        Muxes := 1     
Module SUB2 
Detailed RTL Component Info : 
+---Adders : 
	   3 Input     16 Bit       Adders := 1     
Module REG 
Detailed RTL Component Info : 
+---Registers : 
	               16 Bit    Registers := 1     
---------------------------------------------------------------------------------
Finished RTL Hierarchical Component Statistics
---------------------------------------------------------------------------------
---------------------------------------------------------------------------------
Start Part Resource Summary
---------------------------------------------------------------------------------
Part Resources:
DSPs: 240 (col length:80)
BRAMs: 270 (col length: RAMB18 80 RAMB36 40)
---------------------------------------------------------------------------------
Finished Part Resource Summary
---------------------------------------------------------------------------------
Start Parallel Synthesis Optimization  : Time (s): cpu = 00:00:09 ; elapsed = 00:00:10 . Memory (MB): peak = 438.484 ; gain = 231.328
---------------------------------------------------------------------------------
Start Cross Boundary Optimization
---------------------------------------------------------------------------------
---------------------------------------------------------------------------------
Finished Cross Boundary Optimization : Time (s): cpu = 00:00:09 ; elapsed = 00:00:10 . Memory (MB): peak = 439.531 ; gain = 232.375
---------------------------------------------------------------------------------
Finished Parallel Reinference  : Time (s): cpu = 00:00:09 ; elapsed = 00:00:10 . Memory (MB): peak = 439.531 ; gain = 232.375

Report RTL Partitions: 
+-+--------------+------------+----------+
| |RTL Partition |Replication |Instances |
+-+--------------+------------+----------+
+-+--------------+------------+----------+
No constraint files found.
---------------------------------------------------------------------------------
Start Area Optimization
---------------------------------------------------------------------------------
WARNING: [Synth 8-3332] Sequential element (COMP2_0/gt_reg) is unused and will be removed from module Netlist1.
WARNING: [Synth 8-3332] Sequential element (COMP2_0/eq_reg) is unused and will be removed from module Netlist1.
---------------------------------------------------------------------------------
Finished Area Optimization : Time (s): cpu = 00:00:09 ; elapsed = 00:00:11 . Memory (MB): peak = 460.797 ; gain = 253.641
---------------------------------------------------------------------------------
Finished Parallel Area Optimization  : Time (s): cpu = 00:00:09 ; elapsed = 00:00:11 . Memory (MB): peak = 460.797 ; gain = 253.641

Report RTL Partitions: 
+-+--------------+------------+----------+
| |RTL Partition |Replication |Instances |
+-+--------------+------------+----------+
+-+--------------+------------+----------+
---------------------------------------------------------------------------------
Start Timing Optimization
---------------------------------------------------------------------------------
No constraint files found.
---------------------------------------------------------------------------------
Finished Timing Optimization : Time (s): cpu = 00:00:09 ; elapsed = 00:00:11 . Memory (MB): peak = 460.797 ; gain = 253.641
---------------------------------------------------------------------------------

Report RTL Partitions: 
+-+--------------+------------+----------+
| |RTL Partition |Replication |Instances |
+-+--------------+------------+----------+
+-+--------------+------------+----------+
---------------------------------------------------------------------------------
Start Technology Mapping
---------------------------------------------------------------------------------
---------------------------------------------------------------------------------
Finished Technology Mapping : Time (s): cpu = 00:00:09 ; elapsed = 00:00:11 . Memory (MB): peak = 460.797 ; gain = 253.641
---------------------------------------------------------------------------------
Finished Parallel Technology Mapping Optimization  : Time (s): cpu = 00:00:09 ; elapsed = 00:00:11 . Memory (MB): peak = 460.797 ; gain = 253.641

Report RTL Partitions: 
+-+--------------+------------+----------+
| |RTL Partition |Replication |Instances |
+-+--------------+------------+----------+
+-+--------------+------------+----------+
Finished Parallel Synthesis Optimization  : Time (s): cpu = 00:00:09 ; elapsed = 00:00:11 . Memory (MB): peak = 460.797 ; gain = 253.641
---------------------------------------------------------------------------------
Start IO Insertion
---------------------------------------------------------------------------------
---------------------------------------------------------------------------------
Start Flattening Before IO Insertion
---------------------------------------------------------------------------------
---------------------------------------------------------------------------------
Finished Flattening Before IO Insertion
---------------------------------------------------------------------------------
---------------------------------------------------------------------------------
Start Final Netlist Cleanup
---------------------------------------------------------------------------------
---------------------------------------------------------------------------------
Finished Final Netlist Cleanup
---------------------------------------------------------------------------------
---------------------------------------------------------------------------------
Finished IO Insertion : Time (s): cpu = 00:00:10 ; elapsed = 00:00:11 . Memory (MB): peak = 460.797 ; gain = 253.641
---------------------------------------------------------------------------------

Report Check Netlist: 
+------+------------------+-------+---------+-------+------------------+
|      |Item              |Errors |Warnings |Status |Description       |
+------+------------------+-------+---------+-------+------------------+
|1     |multi_driven_nets |      0|        0|Passed |Multi driven nets |
+------+------------------+-------+---------+-------+------------------+
---------------------------------------------------------------------------------
Start Renaming Generated Instances
---------------------------------------------------------------------------------
---------------------------------------------------------------------------------
Finished Renaming Generated Instances : Time (s): cpu = 00:00:10 ; elapsed = 00:00:11 . Memory (MB): peak = 460.797 ; gain = 253.641
---------------------------------------------------------------------------------

Report RTL Partitions: 
+-+--------------+------------+----------+
| |RTL Partition |Replication |Instances |
+-+--------------+------------+----------+
+-+--------------+------------+----------+
---------------------------------------------------------------------------------
Start Rebuilding User Hierarchy
---------------------------------------------------------------------------------
---------------------------------------------------------------------------------
Finished Rebuilding User Hierarchy : Time (s): cpu = 00:00:10 ; elapsed = 00:00:11 . Memory (MB): peak = 460.797 ; gain = 253.641
---------------------------------------------------------------------------------
---------------------------------------------------------------------------------
Start Renaming Generated Ports
---------------------------------------------------------------------------------
---------------------------------------------------------------------------------
Finished Renaming Generated Ports : Time (s): cpu = 00:00:10 ; elapsed = 00:00:11 . Memory (MB): peak = 460.797 ; gain = 253.641
---------------------------------------------------------------------------------
---------------------------------------------------------------------------------
Start Handling Custom Attributes
---------------------------------------------------------------------------------
---------------------------------------------------------------------------------
Finished Handling Custom Attributes : Time (s): cpu = 00:00:10 ; elapsed = 00:00:11 . Memory (MB): peak = 460.797 ; gain = 253.641
---------------------------------------------------------------------------------
---------------------------------------------------------------------------------
Start Renaming Generated Nets
---------------------------------------------------------------------------------
---------------------------------------------------------------------------------
Finished Renaming Generated Nets : Time (s): cpu = 00:00:10 ; elapsed = 00:00:11 . Memory (MB): peak = 460.797 ; gain = 253.641
---------------------------------------------------------------------------------
---------------------------------------------------------------------------------
Start Writing Synthesis Report
---------------------------------------------------------------------------------

Report BlackBoxes: 
+-+--------------+----------+
| |BlackBox name |Instances |
+-+--------------+----------+
+-+--------------+----------+

Report Cell Usage: 
+------+-------+------+
|      |Cell   |Count |
+------+-------+------+
|1     |BUFG   |     1|
|2     |CARRY4 |    20|
|3     |LUT1   |     8|
|4     |LUT2   |    50|
|5     |LUT3   |    12|
|6     |LUT4   |    37|
|7     |LUT5   |     3|
|8     |LUT6   |    37|
|9     |FDRE   |    16|
|10    |LD     |     1|
|11    |IBUF   |    26|
|12    |OBUF   |    24|
+------+-------+------+

Report Instance Areas: 
+------+----------+-------+------+
|      |Instance  |Module |Cells |
+------+----------+-------+------+
|1     |top       |       |   235|
|2     |  ADD2_0  |ADD2   |    14|
|3     |  ADD2_1  |ADD2_0 |    23|
|4     |  COMP2_0 |COMP2  |    11|
|5     |  MUL2_0  |MUL2   |   101|
|6     |  REG_0   |REG    |    16|
|7     |  SUB2_0  |SUB2   |    19|
+------+----------+-------+------+
---------------------------------------------------------------------------------
Finished Writing Synthesis Report : Time (s): cpu = 00:00:10 ; elapsed = 00:00:11 . Memory (MB): peak = 460.797 ; gain = 253.641
---------------------------------------------------------------------------------
Synthesis finished with 0 errors, 0 critical warnings and 13 warnings.
Synthesis Optimization Runtime : Time (s): cpu = 00:00:08 ; elapsed = 00:00:09 . Memory (MB): peak = 460.797 ; gain = 253.641
Synthesis Optimization Complete : Time (s): cpu = 00:00:10 ; elapsed = 00:00:11 . Memory (MB): peak = 460.797 ; gain = 253.641
INFO: [Project 1-571] Translating synthesized netlist
INFO: [Netlist 29-17] Analyzing 47 Unisim elements for replacement
INFO: [Netlist 29-28] Unisim Transformation completed in 0 CPU seconds
INFO: [Project 1-570] Preparing netlist for logic optimization
INFO: [Opt 31-138] Pushed 0 inverter(s) to 0 load pin(s).
INFO: [Project 1-111] Unisim Transformation Summary:
  A total of 1 instances were transformed.
  LD => LDCE: 1 instances

INFO: [Common 17-83] Releasing license: Synthesis
23 Infos, 13 Warnings, 0 Critical Warnings and 0 Errors encountered.
synth_design completed successfully
synth_design: Time (s): cpu = 00:00:10 ; elapsed = 00:00:11 . Memory (MB): peak = 525.254 ; gain = 318.098
report_utilization: Time (s): cpu = 00:00:00 ; elapsed = 00:00:00.022 . Memory (MB): peak = 525.254 ; gain = 0.000
INFO: [Common 17-206] Exiting Vivado at Sun Sep 11 16:50:53 2016...
