Unable to capture context for thread 1984 in process 11496, can not generate back trace
Unable to capture context for thread 6908 in process 11496, can not generate back trace
Unable to capture context for thread 11340 in process 11496, can not generate back trace
Exception at PC 0x00007FFCF354BB93
Printing stacktrace...

Unable to capture context for thread 11340 in process 11496, can not generate back trace
Exception at PC 0x00007FFD5F881F28
Exception at PC 0x00007FFD5F881F28
Exception at PC 0x00007FFD5F881F28
Exception at PC 0x00007FFD5F881F28
Exception at PC 0x00007FFD5F881F28
Exception at PC 0x00007FFD5F881F28
Exception at PC 0x00007FFD5F881F28
Exception at PC 0x00007FFD5F881F28
Exception at PC 0x00007FFD5F881F28
Exception at PC 0x00007FFD5F881F28
Exception at PC 0x00007FFD5F881F28
Exception at PC 0x00007FFD5F881F28
Exception at PC 0x00007FFD5F881F28
Exception at PC 0x00007FFD5F881F28
Exception at PC 0x00007FFD5F881F28
Exception at PC 0x00007FFD5F881F28
Exception at PC 0x00007FFD5F881F28
Exception at PC 0x00007FFD5F881F28
[0]  [0x00007FFCF354BB93]
[1]  [0x00007FFCF354BB93]
[2]  [0x00007FFCF354B4A1]
[3]  [0x00007FFCF354B3EF]
[4]  [0x00007FFCF35319FE]
[5]  [0x00007FFCF3530ED1]
[6]  [0x00007FFCF3530D76]
[7]  [0x00007FFCF34D79F6]
[8]  [0x00007FFCF34C7AFB]
[9]  [0x00007FFCF35EE90A]
[10]  [0x00007FFCF3609F87]
[11]  [0x00007FFCF360A05F]
[12] (BaseThreadInitThunk+0x22) [0x00007FFD5FAF8102]
[13] (RtlUserThreadStart+0x34) [0x00007FFD6273C5B4]
Done
