#-----------------------------------------------------------
# Vivado v2016.2 (64-bit)
# SW Build 1577090 on Thu Jun  2 16:32:40 MDT 2016
# IP Build 1577682 on Fri Jun  3 12:00:54 MDT 2016
# Start of session at: Sun Sep 11 15:40:27 2016
# Process ID: 11048
# Current directory: C:/Users/Schifman Ben/Documents/UofA/Senior 2016-2017/Fall 2016/574 ECE/ECE574/Assignments/Assignment1/Assignment1
# Command line: vivado.exe -gui_launcher_event rodinguilauncherevent15004 C:\Users\Schifman Ben\Documents\UofA\Senior 2016-2017\Fall 2016\574 ECE\ECE574\Assignments\Assignment1\Assignment1\Assignment1.xpr
# Log file: C:/Users/Schifman Ben/Documents/UofA/Senior 2016-2017/Fall 2016/574 ECE/ECE574/Assignments/Assignment1/Assignment1/vivado.log
# Journal file: C:/Users/Schifman Ben/Documents/UofA/Senior 2016-2017/Fall 2016/574 ECE/ECE574/Assignments/Assignment1/Assignment1\vivado.jou
#-----------------------------------------------------------
start_gui
open_project {C:/Users/Schifman Ben/Documents/UofA/Senior 2016-2017/Fall 2016/574 ECE/ECE574/Assignments/Assignment1/Assignment1/Assignment1.xpr}
INFO: [ProjectBase 1-489] The host OS only allows 260 characters in a normal path. The project is stored in a path with more than 80 characters. If you experience issues with IP, Block Designs, or files not being found, please consider moving the project to a location with a shorter path. Alternately consider using the OS subst command to map part of the path to a drive letter.
Current project path is 'C:/Users/Schifman Ben/Documents/UofA/Senior 2016-2017/Fall 2016/574 ECE/ECE574/Assignments/Assignment1/Assignment1'
Scanning sources...
Finished scanning sources
INFO: [IP_Flow 19-234] Refreshing IP repositories
INFO: [IP_Flow 19-1704] No user IP repositories specified
INFO: [IP_Flow 19-2313] Loaded Vivado IP repository 'C:/Xilinx/Vivado/2016.2/data/ip'.
open_project: Time (s): cpu = 00:00:12 ; elapsed = 00:00:06 . Memory (MB): peak = 767.816 ; gain = 119.902
update_compile_order -fileset sources_1
open_run synth_4 -constrset constrs_1 -name synth_4
Design is defaulting to synth run part: xc7a100tcsg324-1
INFO: [Netlist 29-17] Analyzing 4 Unisim elements for replacement
INFO: [Netlist 29-28] Unisim Transformation completed in 0 CPU seconds
INFO: [Project 1-479] Netlist was created with Vivado 2016.2
INFO: [Device 21-403] Loading part xc7a100tcsg324-1
INFO: [Project 1-570] Preparing netlist for logic optimization
INFO: [Opt 31-138] Pushed 0 inverter(s) to 0 load pin(s).
INFO: [Project 1-111] Unisim Transformation Summary:
No Unisim elements were transformed.

open_run: Time (s): cpu = 00:00:15 ; elapsed = 00:00:13 . Memory (MB): peak = 1074.500 ; gain = 288.055
report_timing_summary -delay_type min_max -report_unconstrained -check_timing_verbose -max_paths 10 -input_pins -name timing_1
INFO: [Timing 38-35] Done setting XDC timing constraints.
INFO: [Timing 38-91] UpdateTimingParams: Speed grade: -1, Delay Type: min_max.
INFO: [Timing 38-191] Multithreading enabled for timing update using a maximum of 2 CPUs
open_run synth_5 -constrset constrs_1 -name synth_5
Design is defaulting to synth run part: xc7a100tcsg324-1
INFO: [Netlist 29-17] Analyzing 16 Unisim elements for replacement
INFO: [Netlist 29-28] Unisim Transformation completed in 0 CPU seconds
INFO: [Project 1-479] Netlist was created with Vivado 2016.2
INFO: [Project 1-570] Preparing netlist for logic optimization
INFO: [Opt 31-138] Pushed 0 inverter(s) to 0 load pin(s).
INFO: [Project 1-111] Unisim Transformation Summary:
No Unisim elements were transformed.

open_run synth_5 -constrset constrs_1 -name synth_5_1
Design is defaulting to synth run part: xc7a100tcsg324-1
INFO: [Netlist 29-17] Analyzing 16 Unisim elements for replacement
INFO: [Netlist 29-28] Unisim Transformation completed in 0 CPU seconds
INFO: [Project 1-479] Netlist was created with Vivado 2016.2
INFO: [Project 1-570] Preparing netlist for logic optimization
INFO: [Opt 31-138] Pushed 0 inverter(s) to 0 load pin(s).
INFO: [Project 1-111] Unisim Transformation Summary:
No Unisim elements were transformed.

report_timing_summary -delay_type min_max -report_unconstrained -check_timing_verbose -max_paths 10 -input_pins -name timing_1
INFO: [Timing 38-35] Done setting XDC timing constraints.
INFO: [Timing 38-91] UpdateTimingParams: Speed grade: -1, Delay Type: min_max.
INFO: [Timing 38-191] Multithreading enabled for timing update using a maximum of 2 CPUs
report_timing_summary -delay_type min_max -report_unconstrained -check_timing_verbose -max_paths 10 -input_pins -name timing_2
INFO: [Timing 38-91] UpdateTimingParams: Speed grade: -1, Delay Type: min_max.
INFO: [Timing 38-191] Multithreading enabled for timing update using a maximum of 2 CPUs
open_run synth_6 -constrset constrs_1 -name synth_6
Design is defaulting to synth run part: xc7a100tcsg324-1
INFO: [Netlist 29-17] Analyzing 32 Unisim elements for replacement
INFO: [Netlist 29-28] Unisim Transformation completed in 0 CPU seconds
INFO: [Project 1-479] Netlist was created with Vivado 2016.2
INFO: [Project 1-570] Preparing netlist for logic optimization
INFO: [Opt 31-138] Pushed 0 inverter(s) to 0 load pin(s).
INFO: [Project 1-111] Unisim Transformation Summary:
No Unisim elements were transformed.

report_timing_summary -delay_type min_max -report_unconstrained -check_timing_verbose -max_paths 10 -input_pins -name timing_1
INFO: [Timing 38-35] Done setting XDC timing constraints.
INFO: [Timing 38-91] UpdateTimingParams: Speed grade: -1, Delay Type: min_max.
INFO: [Timing 38-191] Multithreading enabled for timing update using a maximum of 2 CPUs
open_run synth_7 -constrset constrs_1 -name synth_7
Design is defaulting to synth run part: xc7a100tcsg324-1
INFO: [Netlist 29-17] Analyzing 64 Unisim elements for replacement
INFO: [Netlist 29-28] Unisim Transformation completed in 0 CPU seconds
INFO: [Project 1-479] Netlist was created with Vivado 2016.2
INFO: [Project 1-570] Preparing netlist for logic optimization
INFO: [Opt 31-138] Pushed 0 inverter(s) to 0 load pin(s).
INFO: [Project 1-111] Unisim Transformation Summary:
No Unisim elements were transformed.

report_timing_summary -delay_type min_max -report_unconstrained -check_timing_verbose -max_paths 10 -input_pins -name timing_1
INFO: [Timing 38-35] Done setting XDC timing constraints.
INFO: [Timing 38-91] UpdateTimingParams: Speed grade: -1, Delay Type: min_max.
INFO: [Timing 38-191] Multithreading enabled for timing update using a maximum of 2 CPUs
open_run synth_8 -constrset constrs_1 -name synth_8
Design is defaulting to synth run part: xc7a100tcsg324-1
INFO: [Netlist 29-17] Analyzing 128 Unisim elements for replacement
INFO: [Netlist 29-28] Unisim Transformation completed in 0 CPU seconds
INFO: [Project 1-479] Netlist was created with Vivado 2016.2
INFO: [Project 1-570] Preparing netlist for logic optimization
INFO: [Opt 31-138] Pushed 0 inverter(s) to 0 load pin(s).
INFO: [Project 1-111] Unisim Transformation Summary:
No Unisim elements were transformed.

report_timing_summary -delay_type min_max -report_unconstrained -check_timing_verbose -max_paths 10 -input_pins -name timing_1
INFO: [Timing 38-35] Done setting XDC timing constraints.
INFO: [Timing 38-91] UpdateTimingParams: Speed grade: -1, Delay Type: min_max.
INFO: [Timing 38-191] Multithreading enabled for timing update using a maximum of 2 CPUs
set_property top MUL2 [current_fileset]
update_compile_order -fileset sources_1
set_property top MUL2 [get_filesets sim_1]
set_property top_lib xil_defaultlib [get_filesets sim_1]
reset_run synth_4
reset_run synth_5
reset_run synth_6
reset_run synth_7
reset_run synth_8
launch_runs synth_4 synth_5 synth_6 synth_7 synth_8 -jobs 2
INFO: [HDL 9-2216] Analyzing Verilog file "C:/Users/Schifman Ben/Documents/UofA/Senior 2016-2017/Fall 2016/574 ECE/ECE574/Assignments/Assignment1/Assignment1/Assignment1.srcs/sources_1/new/MUL.v" into library work [C:/Users/Schifman Ben/Documents/UofA/Senior 2016-2017/Fall 2016/574 ECE/ECE574/Assignments/Assignment1/Assignment1/Assignment1.srcs/sources_1/new/MUL.v:1]
[Sun Sep 11 15:46:18 2016] Launched synth_4, synth_5, synth_6, synth_7, synth_8...
Run output will be captured here:
synth_4: C:/Users/Schifman Ben/Documents/UofA/Senior 2016-2017/Fall 2016/574 ECE/ECE574/Assignments/Assignment1/Assignment1/Assignment1.runs/synth_4/runme.log
synth_5: C:/Users/Schifman Ben/Documents/UofA/Senior 2016-2017/Fall 2016/574 ECE/ECE574/Assignments/Assignment1/Assignment1/Assignment1.runs/synth_5/runme.log
synth_6: C:/Users/Schifman Ben/Documents/UofA/Senior 2016-2017/Fall 2016/574 ECE/ECE574/Assignments/Assignment1/Assignment1/Assignment1.runs/synth_6/runme.log
synth_7: C:/Users/Schifman Ben/Documents/UofA/Senior 2016-2017/Fall 2016/574 ECE/ECE574/Assignments/Assignment1/Assignment1/Assignment1.runs/synth_7/runme.log
synth_8: C:/Users/Schifman Ben/Documents/UofA/Senior 2016-2017/Fall 2016/574 ECE/ECE574/Assignments/Assignment1/Assignment1/Assignment1.runs/synth_8/runme.log
open_run synth_4 -constrset constrs_1 -name synth_4_1
Design is defaulting to synth run part: xc7a100tcsg324-1
INFO: [Netlist 29-17] Analyzing 4 Unisim elements for replacement
INFO: [Netlist 29-28] Unisim Transformation completed in 0 CPU seconds
INFO: [Project 1-479] Netlist was created with Vivado 2016.2
INFO: [Project 1-570] Preparing netlist for logic optimization
INFO: [Opt 31-138] Pushed 0 inverter(s) to 0 load pin(s).
INFO: [Project 1-111] Unisim Transformation Summary:
No Unisim elements were transformed.

report_timing_summary -delay_type min_max -report_unconstrained -check_timing_verbose -max_paths 10 -input_pins -name timing_1
INFO: [Timing 38-35] Done setting XDC timing constraints.
INFO: [Timing 38-91] UpdateTimingParams: Speed grade: -1, Delay Type: min_max.
INFO: [Timing 38-191] Multithreading enabled for timing update using a maximum of 2 CPUs
open_run synth_5 -constrset constrs_1 -name synth_5_2
Design is defaulting to synth run part: xc7a100tcsg324-1
INFO: [Netlist 29-17] Analyzing 26 Unisim elements for replacement
INFO: [Netlist 29-28] Unisim Transformation completed in 0 CPU seconds
INFO: [Project 1-479] Netlist was created with Vivado 2016.2
INFO: [Project 1-570] Preparing netlist for logic optimization
INFO: [Opt 31-138] Pushed 0 inverter(s) to 0 load pin(s).
INFO: [Project 1-111] Unisim Transformation Summary:
No Unisim elements were transformed.

report_timing_summary -delay_type min_max -report_unconstrained -check_timing_verbose -max_paths 10 -input_pins -name timing_1
INFO: [Timing 38-35] Done setting XDC timing constraints.
INFO: [Timing 38-91] UpdateTimingParams: Speed grade: -1, Delay Type: min_max.
INFO: [Timing 38-191] Multithreading enabled for timing update using a maximum of 2 CPUs
open_run synth_6 -constrset constrs_1 -name synth_6_1
Design is defaulting to synth run part: xc7a100tcsg324-1
INFO: [Netlist 29-17] Analyzing 33 Unisim elements for replacement
INFO: [Netlist 29-28] Unisim Transformation completed in 0 CPU seconds
INFO: [Project 1-479] Netlist was created with Vivado 2016.2
INFO: [Project 1-570] Preparing netlist for logic optimization
INFO: [Opt 31-138] Pushed 0 inverter(s) to 0 load pin(s).
INFO: [Project 1-111] Unisim Transformation Summary:
No Unisim elements were transformed.

report_timing_summary -delay_type min_max -report_unconstrained -check_timing_verbose -max_paths 10 -input_pins -name timing_1
INFO: [Timing 38-35] Done setting XDC timing constraints.
INFO: [Timing 38-91] UpdateTimingParams: Speed grade: -1, Delay Type: min_max.
INFO: [Timing 38-191] Multithreading enabled for timing update using a maximum of 2 CPUs
open_run synth_7 -constrset constrs_1 -name synth_7_1
Design is defaulting to synth run part: xc7a100tcsg324-1
INFO: [Netlist 29-17] Analyzing 80 Unisim elements for replacement
INFO: [Netlist 29-28] Unisim Transformation completed in 0 CPU seconds
INFO: [Project 1-479] Netlist was created with Vivado 2016.2
INFO: [Project 1-570] Preparing netlist for logic optimization
INFO: [Opt 31-138] Pushed 0 inverter(s) to 0 load pin(s).
INFO: [Project 1-111] Unisim Transformation Summary:
No Unisim elements were transformed.

report_timing_summary -delay_type min_max -report_unconstrained -check_timing_verbose -max_paths 10 -input_pins -name timing_1
INFO: [Timing 38-35] Done setting XDC timing constraints.
INFO: [Timing 38-91] UpdateTimingParams: Speed grade: -1, Delay Type: min_max.
INFO: [Timing 38-191] Multithreading enabled for timing update using a maximum of 2 CPUs
open_run synth_8 -constrset constrs_1 -name synth_8_1
Design is defaulting to synth run part: xc7a100tcsg324-1
INFO: [Netlist 29-17] Analyzing 168 Unisim elements for replacement
INFO: [Netlist 29-28] Unisim Transformation completed in 0 CPU seconds
INFO: [Project 1-479] Netlist was created with Vivado 2016.2
INFO: [Project 1-570] Preparing netlist for logic optimization
INFO: [Opt 31-138] Pushed 0 inverter(s) to 0 load pin(s).
INFO: [Project 1-111] Unisim Transformation Summary:
No Unisim elements were transformed.

report_timing_summary -delay_type min_max -report_unconstrained -check_timing_verbose -max_paths 10 -input_pins -name timing_1
INFO: [Timing 38-35] Done setting XDC timing constraints.
INFO: [Timing 38-91] UpdateTimingParams: Speed grade: -1, Delay Type: min_max.
INFO: [Timing 38-191] Multithreading enabled for timing update using a maximum of 2 CPUs
open_run synth_6 -constrset constrs_1 -name synth_6_2
Design is defaulting to synth run part: xc7a100tcsg324-1
INFO: [Netlist 29-17] Analyzing 33 Unisim elements for replacement
INFO: [Netlist 29-28] Unisim Transformation completed in 0 CPU seconds
INFO: [Project 1-479] Netlist was created with Vivado 2016.2
INFO: [Project 1-570] Preparing netlist for logic optimization
INFO: [Opt 31-138] Pushed 0 inverter(s) to 0 load pin(s).
INFO: [Project 1-111] Unisim Transformation Summary:
No Unisim elements were transformed.

report_timing_summary -delay_type min_max -report_unconstrained -check_timing_verbose -max_paths 10 -input_pins -name timing_1
INFO: [Timing 38-35] Done setting XDC timing constraints.
INFO: [Timing 38-91] UpdateTimingParams: Speed grade: -1, Delay Type: min_max.
INFO: [Timing 38-191] Multithreading enabled for timing update using a maximum of 2 CPUs
reset_run synth_6
current_run [get_runs synth_6]
launch_runs synth_6 -jobs 2
INFO: [HDL 9-2216] Analyzing Verilog file "C:/Users/Schifman Ben/Documents/UofA/Senior 2016-2017/Fall 2016/574 ECE/ECE574/Assignments/Assignment1/Assignment1/Assignment1.srcs/sources_1/new/MUL.v" into library work [C:/Users/Schifman Ben/Documents/UofA/Senior 2016-2017/Fall 2016/574 ECE/ECE574/Assignments/Assignment1/Assignment1/Assignment1.srcs/sources_1/new/MUL.v:1]
[Sun Sep 11 15:50:50 2016] Launched synth_6...
Run output will be captured here: C:/Users/Schifman Ben/Documents/UofA/Senior 2016-2017/Fall 2016/574 ECE/ECE574/Assignments/Assignment1/Assignment1/Assignment1.runs/synth_6/runme.log
open_run synth_6 -name synth_6_3
Design is defaulting to impl run constrset: constrs_1
Design is defaulting to synth run part: xc7a100tcsg324-1
INFO: [Netlist 29-17] Analyzing 33 Unisim elements for replacement
INFO: [Netlist 29-28] Unisim Transformation completed in 0 CPU seconds
INFO: [Project 1-479] Netlist was created with Vivado 2016.2
INFO: [Project 1-570] Preparing netlist for logic optimization
INFO: [Opt 31-138] Pushed 0 inverter(s) to 0 load pin(s).
INFO: [Project 1-111] Unisim Transformation Summary:
No Unisim elements were transformed.

report_timing_summary -delay_type min_max -report_unconstrained -check_timing_verbose -max_paths 10 -input_pins -name timing_1
INFO: [Timing 38-35] Done setting XDC timing constraints.
INFO: [Timing 38-91] UpdateTimingParams: Speed grade: -1, Delay Type: min_max.
INFO: [Timing 38-191] Multithreading enabled for timing update using a maximum of 2 CPUs
open_run synth_4 -constrset constrs_1 -name synth_4_2
Design is defaulting to synth run part: xc7a100tcsg324-1
INFO: [Netlist 29-17] Analyzing 4 Unisim elements for replacement
INFO: [Netlist 29-28] Unisim Transformation completed in 0 CPU seconds
INFO: [Project 1-479] Netlist was created with Vivado 2016.2
INFO: [Project 1-570] Preparing netlist for logic optimization
INFO: [Opt 31-138] Pushed 0 inverter(s) to 0 load pin(s).
INFO: [Project 1-111] Unisim Transformation Summary:
No Unisim elements were transformed.

report_timing_summary -delay_type min_max -report_unconstrained -check_timing_verbose -max_paths 10 -input_pins -name timing_1
INFO: [Timing 38-35] Done setting XDC timing constraints.
INFO: [Timing 38-91] UpdateTimingParams: Speed grade: -1, Delay Type: min_max.
INFO: [Timing 38-191] Multithreading enabled for timing update using a maximum of 2 CPUs
set_property SOURCE_SET sources_1 [get_filesets sim_1]
close [ open {C:/Users/Schifman Ben/Documents/UofA/Senior 2016-2017/Fall 2016/574 ECE/ECE574/Assignments/Assignment1/Assignment1/Assignment1.srcs/sim_1/new/Netlist1.v} w ]
add_files -fileset sim_1 {{C:/Users/Schifman Ben/Documents/UofA/Senior 2016-2017/Fall 2016/574 ECE/ECE574/Assignments/Assignment1/Assignment1/Assignment1.srcs/sim_1/new/Netlist1.v}}
update_compile_order -fileset sim_1
set_property top Netlist1 [get_filesets sim_1]
set_property top_lib xil_defaultlib [get_filesets sim_1]
update_compile_order -fileset sim_1
update_compile_order -fileset sim_1
remove_files -fileset sim_1 {{C:/Users/Schifman Ben/Documents/UofA/Senior 2016-2017/Fall 2016/574 ECE/ECE574/Assignments/Assignment1/Assignment1/Assignment1.srcs/sim_1/new/Netlist1.v}}
update_compile_order -fileset sim_1
close [ open {C:/Users/Schifman Ben/Documents/UofA/Senior 2016-2017/Fall 2016/574 ECE/ECE574/Assignments/Assignment1/Assignment1/Assignment1.srcs/sources_1/new/Netlist2.v} w ]
add_files {{C:/Users/Schifman Ben/Documents/UofA/Senior 2016-2017/Fall 2016/574 ECE/ECE574/Assignments/Assignment1/Assignment1/Assignment1.srcs/sources_1/new/Netlist2.v}}
close [ open {C:/Users/Schifman Ben/Documents/UofA/Senior 2016-2017/Fall 2016/574 ECE/ECE574/Assignments/Assignment1/Assignment1/Assignment1.srcs/sources_1/new/Netlist3.v} w ]
add_files {{C:/Users/Schifman Ben/Documents/UofA/Senior 2016-2017/Fall 2016/574 ECE/ECE574/Assignments/Assignment1/Assignment1/Assignment1.srcs/sources_1/new/Netlist3.v}}
close [ open {C:/Users/Schifman Ben/Documents/UofA/Senior 2016-2017/Fall 2016/574 ECE/ECE574/Assignments/Assignment1/Assignment1/Assignment1.srcs/sources_1/new/Netlist1.v} w ]
add_files {{C:/Users/Schifman Ben/Documents/UofA/Senior 2016-2017/Fall 2016/574 ECE/ECE574/Assignments/Assignment1/Assignment1/Assignment1.srcs/sources_1/new/Netlist1.v}}
close [ open {C:/Users/Schifman Ben/Documents/UofA/Senior 2016-2017/Fall 2016/574 ECE/ECE574/Assignments/Assignment1/Assignment1/Assignment1.srcs/sources_1/new/Netlist8.v} w ]
add_files {{C:/Users/Schifman Ben/Documents/UofA/Senior 2016-2017/Fall 2016/574 ECE/ECE574/Assignments/Assignment1/Assignment1/Assignment1.srcs/sources_1/new/Netlist8.v}}
close [ open {C:/Users/Schifman Ben/Documents/UofA/Senior 2016-2017/Fall 2016/574 ECE/ECE574/Assignments/Assignment1/Assignment1/Assignment1.srcs/sources_1/new/Netlist6.v} w ]
add_files {{C:/Users/Schifman Ben/Documents/UofA/Senior 2016-2017/Fall 2016/574 ECE/ECE574/Assignments/Assignment1/Assignment1/Assignment1.srcs/sources_1/new/Netlist6.v}}
close [ open {C:/Users/Schifman Ben/Documents/UofA/Senior 2016-2017/Fall 2016/574 ECE/ECE574/Assignments/Assignment1/Assignment1/Assignment1.srcs/sources_1/new/Netlist7.v} w ]
add_files {{C:/Users/Schifman Ben/Documents/UofA/Senior 2016-2017/Fall 2016/574 ECE/ECE574/Assignments/Assignment1/Assignment1/Assignment1.srcs/sources_1/new/Netlist7.v}}
close [ open {C:/Users/Schifman Ben/Documents/UofA/Senior 2016-2017/Fall 2016/574 ECE/ECE574/Assignments/Assignment1/Assignment1/Assignment1.srcs/sources_1/new/Netlist4.v} w ]
add_files {{C:/Users/Schifman Ben/Documents/UofA/Senior 2016-2017/Fall 2016/574 ECE/ECE574/Assignments/Assignment1/Assignment1/Assignment1.srcs/sources_1/new/Netlist4.v}}
close [ open {C:/Users/Schifman Ben/Documents/UofA/Senior 2016-2017/Fall 2016/574 ECE/ECE574/Assignments/Assignment1/Assignment1/Assignment1.srcs/sources_1/new/Netlist5.v} w ]
add_files {{C:/Users/Schifman Ben/Documents/UofA/Senior 2016-2017/Fall 2016/574 ECE/ECE574/Assignments/Assignment1/Assignment1/Assignment1.srcs/sources_1/new/Netlist5.v}}
update_compile_order -fileset sources_1
remove_files {{C:/Users/Schifman Ben/Documents/UofA/Senior 2016-2017/Fall 2016/574 ECE/ECE574/Assignments/Assignment1/Assignment1/Assignment1.srcs/sources_1/new/Netlist1.v} {C:/Users/Schifman Ben/Documents/UofA/Senior 2016-2017/Fall 2016/574 ECE/ECE574/Assignments/Assignment1/Assignment1/Assignment1.srcs/sources_1/new/Netlist3.v} {C:/Users/Schifman Ben/Documents/UofA/Senior 2016-2017/Fall 2016/574 ECE/ECE574/Assignments/Assignment1/Assignment1/Assignment1.srcs/sources_1/new/Netlist4.v} {C:/Users/Schifman Ben/Documents/UofA/Senior 2016-2017/Fall 2016/574 ECE/ECE574/Assignments/Assignment1/Assignment1/Assignment1.srcs/sources_1/new/Netlist5.v} {C:/Users/Schifman Ben/Documents/UofA/Senior 2016-2017/Fall 2016/574 ECE/ECE574/Assignments/Assignment1/Assignment1/Assignment1.srcs/sources_1/new/Netlist6.v} {C:/Users/Schifman Ben/Documents/UofA/Senior 2016-2017/Fall 2016/574 ECE/ECE574/Assignments/Assignment1/Assignment1/Assignment1.srcs/sources_1/new/Netlist7.v} {C:/Users/Schifman Ben/Documents/UofA/Senior 2016-2017/Fall 2016/574 ECE/ECE574/Assignments/Assignment1/Assignment1/Assignment1.srcs/sources_1/new/Netlist8.v}}
remove_files {{C:/Users/Schifman Ben/Documents/UofA/Senior 2016-2017/Fall 2016/574 ECE/ECE574/Assignments/Assignment1/Assignment1/Assignment1.srcs/sources_1/new/Netlist2.v}}
file delete -force {C:/Users/Schifman Ben/Documents/UofA/Senior 2016-2017/Fall 2016/574 ECE/ECE574/Assignments/Assignment1/Assignment1/Assignment1.srcs/sources_1/new/Netlist2.v}
close [ open {C:/Users/Schifman Ben/Documents/UofA/Senior 2016-2017/Fall 2016/574 ECE/ECE574/Assignments/Assignment1/Assignment1/Assignment1.srcs/sources_1/new/Netlist1.v} w ]
add_files {{C:/Users/Schifman Ben/Documents/UofA/Senior 2016-2017/Fall 2016/574 ECE/ECE574/Assignments/Assignment1/Assignment1/Assignment1.srcs/sources_1/new/Netlist1.v}}
update_compile_order -fileset sources_1
update_compile_order -fileset sim_1
set_property top Netlist1 [current_fileset]
update_compile_order -fileset sources_1
reset_run synth_6
launch_runs synth_6 -jobs 2
INFO: [HDL 9-2216] Analyzing Verilog file "C:/Users/Schifman Ben/Documents/UofA/Senior 2016-2017/Fall 2016/574 ECE/ECE574/Assignments/Assignment1/Assignment1/Assignment1.srcs/sources_1/new/Netlist1.v" into library work [C:/Users/Schifman Ben/Documents/UofA/Senior 2016-2017/Fall 2016/574 ECE/ECE574/Assignments/Assignment1/Assignment1/Assignment1.srcs/sources_1/new/Netlist1.v:1]
[Sun Sep 11 16:28:35 2016] Launched synth_6...
Run output will be captured here: C:/Users/Schifman Ben/Documents/UofA/Senior 2016-2017/Fall 2016/574 ECE/ECE574/Assignments/Assignment1/Assignment1/Assignment1.runs/synth_6/runme.log
launch_runs synth_3 -jobs 2
INFO: [HDL 9-2216] Analyzing Verilog file "C:/Users/Schifman Ben/Documents/UofA/Senior 2016-2017/Fall 2016/574 ECE/ECE574/Assignments/Assignment1/Assignment1/Assignment1.srcs/sources_1/new/Netlist1.v" into library work [C:/Users/Schifman Ben/Documents/UofA/Senior 2016-2017/Fall 2016/574 ECE/ECE574/Assignments/Assignment1/Assignment1/Assignment1.srcs/sources_1/new/Netlist1.v:1]
[Sun Sep 11 16:29:24 2016] Launched synth_3...
Run output will be captured here: C:/Users/Schifman Ben/Documents/UofA/Senior 2016-2017/Fall 2016/574 ECE/ECE574/Assignments/Assignment1/Assignment1/Assignment1.runs/synth_3/runme.log
report_timing_summary -delay_type min_max -report_unconstrained -check_timing_verbose -max_paths 10 -input_pins -name timing_2
INFO: [Timing 38-91] UpdateTimingParams: Speed grade: -1, Delay Type: min_max.
INFO: [Timing 38-191] Multithreading enabled for timing update using a maximum of 2 CPUs
reset_run synth_6
launch_runs synth_6 -jobs 2
INFO: [HDL 9-2216] Analyzing Verilog file "C:/Users/Schifman Ben/Documents/UofA/Senior 2016-2017/Fall 2016/574 ECE/ECE574/Assignments/Assignment1/Assignment1/Assignment1.srcs/sources_1/new/Netlist1.v" into library work [C:/Users/Schifman Ben/Documents/UofA/Senior 2016-2017/Fall 2016/574 ECE/ECE574/Assignments/Assignment1/Assignment1/Assignment1.srcs/sources_1/new/Netlist1.v:1]
[Sun Sep 11 16:31:59 2016] Launched synth_6...
Run output will be captured here: C:/Users/Schifman Ben/Documents/UofA/Senior 2016-2017/Fall 2016/574 ECE/ECE574/Assignments/Assignment1/Assignment1/Assignment1.runs/synth_6/runme.log
current_design synth_4
close_design
open_run synth_6 -name synth_6_4
Design is defaulting to impl run constrset: constrs_1
Design is defaulting to synth run part: xc7a100tcsg324-1
INFO: [Netlist 29-17] Analyzing 32 Unisim elements for replacement
INFO: [Netlist 29-28] Unisim Transformation completed in 0 CPU seconds
INFO: [Project 1-479] Netlist was created with Vivado 2016.2
INFO: [Project 1-570] Preparing netlist for logic optimization
INFO: [Opt 31-138] Pushed 0 inverter(s) to 0 load pin(s).
INFO: [Project 1-111] Unisim Transformation Summary:
No Unisim elements were transformed.

open_run: Time (s): cpu = 00:00:08 ; elapsed = 00:00:05 . Memory (MB): peak = 4050.074 ; gain = 0.000
open_run synth_6 -name synth_6_5
Design is defaulting to impl run constrset: constrs_1
Design is defaulting to synth run part: xc7a100tcsg324-1
INFO: [Netlist 29-17] Analyzing 32 Unisim elements for replacement
INFO: [Netlist 29-28] Unisim Transformation completed in 0 CPU seconds
INFO: [Project 1-479] Netlist was created with Vivado 2016.2
INFO: [Project 1-570] Preparing netlist for logic optimization
INFO: [Opt 31-138] Pushed 0 inverter(s) to 0 load pin(s).
INFO: [Project 1-111] Unisim Transformation Summary:
No Unisim elements were transformed.

report_timing_summary -delay_type min_max -report_unconstrained -check_timing_verbose -max_paths 10 -input_pins -name timing_1
INFO: [Timing 38-35] Done setting XDC timing constraints.
INFO: [Timing 38-91] UpdateTimingParams: Speed grade: -1, Delay Type: min_max.
INFO: [Timing 38-191] Multithreading enabled for timing update using a maximum of 2 CPUs
reset_run synth_6
launch_runs synth_6 -jobs 2
INFO: [HDL 9-2216] Analyzing Verilog file "C:/Users/Schifman Ben/Documents/UofA/Senior 2016-2017/Fall 2016/574 ECE/ECE574/Assignments/Assignment1/Assignment1/Assignment1.srcs/sources_1/new/COMP.v" into library work [C:/Users/Schifman Ben/Documents/UofA/Senior 2016-2017/Fall 2016/574 ECE/ECE574/Assignments/Assignment1/Assignment1/Assignment1.srcs/sources_1/new/COMP.v:1]
[Sun Sep 11 16:50:37 2016] Launched synth_6...
Run output will be captured here: C:/Users/Schifman Ben/Documents/UofA/Senior 2016-2017/Fall 2016/574 ECE/ECE574/Assignments/Assignment1/Assignment1/Assignment1.runs/synth_6/runme.log
current_design synth_5
close_design
open_run synth_6 -name synth_6_6
Design is defaulting to impl run constrset: constrs_1
Design is defaulting to synth run part: xc7a100tcsg324-1
INFO: [Netlist 29-17] Analyzing 46 Unisim elements for replacement
INFO: [Netlist 29-28] Unisim Transformation completed in 0 CPU seconds
INFO: [Project 1-479] Netlist was created with Vivado 2016.2
INFO: [Project 1-570] Preparing netlist for logic optimization
INFO: [Opt 31-138] Pushed 0 inverter(s) to 0 load pin(s).
INFO: [Project 1-111] Unisim Transformation Summary:
No Unisim elements were transformed.

report_timing_summary -delay_type min_max -report_unconstrained -check_timing_verbose -max_paths 10 -input_pins -name timing_1
INFO: [Timing 38-35] Done setting XDC timing constraints.
INFO: [Timing 38-91] UpdateTimingParams: Speed grade: -1, Delay Type: min_max.
INFO: [Timing 38-191] Multithreading enabled for timing update using a maximum of 2 CPUs
exit
INFO: [Common 17-206] Exiting Vivado at Sun Sep 11 16:56:20 2016...
