#-----------------------------------------------------------
# Vivado v2016.2 (64-bit)
# SW Build 1577090 on Thu Jun  2 16:32:40 MDT 2016
# IP Build 1577682 on Fri Jun  3 12:00:54 MDT 2016
# Start of session at: Tue Sep 13 15:56:38 2016
# Process ID: 12132
# Current directory: C:/Users/Schifman Ben/Documents/UofA/Senior 2016-2017/Fall 2016/574 ECE/ECE574/Assignments/Assignment1/Assignment1
# Command line: vivado.exe -gui_launcher_event rodinguilauncherevent2004 C:\Users\Schifman Ben\Documents\UofA\Senior 2016-2017\Fall 2016\574 ECE\ECE574\Assignments\Assignment1\Assignment1\Assignment1.xpr
# Log file: C:/Users/Schifman Ben/Documents/UofA/Senior 2016-2017/Fall 2016/574 ECE/ECE574/Assignments/Assignment1/Assignment1/vivado.log
# Journal file: C:/Users/Schifman Ben/Documents/UofA/Senior 2016-2017/Fall 2016/574 ECE/ECE574/Assignments/Assignment1/Assignment1\vivado.jou
#-----------------------------------------------------------
start_gui
open_project {C:/Users/Schifman Ben/Documents/UofA/Senior 2016-2017/Fall 2016/574 ECE/ECE574/Assignments/Assignment1/Assignment1/Assignment1.xpr}
INFO: [ProjectBase 1-489] The host OS only allows 260 characters in a normal path. The project is stored in a path with more than 80 characters. If you experience issues with IP, Block Designs, or files not being found, please consider moving the project to a location with a shorter path. Alternately consider using the OS subst command to map part of the path to a drive letter.
Current project path is 'C:/Users/Schifman Ben/Documents/UofA/Senior 2016-2017/Fall 2016/574 ECE/ECE574/Assignments/Assignment1/Assignment1'
Scanning sources...
Finished scanning sources
INFO: [IP_Flow 19-234] Refreshing IP repositories
INFO: [IP_Flow 19-1704] No user IP repositories specified
INFO: [IP_Flow 19-2313] Loaded Vivado IP repository 'C:/Xilinx/Vivado/2016.2/data/ip'.
open_project: Time (s): cpu = 00:00:13 ; elapsed = 00:00:06 . Memory (MB): peak = 747.180 ; gain = 109.020
update_compile_order -fileset sources_1
exit
INFO: [Common 17-206] Exiting Vivado at Tue Sep 13 16:20:19 2016...
