#-----------------------------------------------------------
# Vivado v2016.2 (64-bit)
# SW Build 1577090 on Thu Jun  2 16:32:40 MDT 2016
# IP Build 1577682 on Fri Jun  3 12:00:54 MDT 2016
# Start of session at: Tue Sep 06 13:30:12 2016
# Process ID: 5524
# Current directory: C:/Users/Schifman Ben/Documents/UofA/Senior 2016-2017/Fall 2016/574 ECE/Assignments/Assignment1/Assignment1
# Command line: vivado.exe -gui_launcher_event rodinguilauncherevent1648 C:\Users\Schifman Ben\Documents\UofA\Senior 2016-2017\Fall 2016\574 ECE\Assignments\Assignment1\Assignment1\Assignment1.xpr
# Log file: C:/Users/Schifman Ben/Documents/UofA/Senior 2016-2017/Fall 2016/574 ECE/Assignments/Assignment1/Assignment1/vivado.log
# Journal file: C:/Users/Schifman Ben/Documents/UofA/Senior 2016-2017/Fall 2016/574 ECE/Assignments/Assignment1/Assignment1\vivado.jou
#-----------------------------------------------------------
start_gui
open_project {C:/Users/Schifman Ben/Documents/UofA/Senior 2016-2017/Fall 2016/574 ECE/Assignments/Assignment1/Assignment1/Assignment1.xpr}
INFO: [ProjectBase 1-489] The host OS only allows 260 characters in a normal path. The project is stored in a path with more than 80 characters. If you experience issues with IP, Block Designs, or files not being found, please consider moving the project to a location with a shorter path. Alternately consider using the OS subst command to map part of the path to a drive letter.
Current project path is 'C:/Users/Schifman Ben/Documents/UofA/Senior 2016-2017/Fall 2016/574 ECE/Assignments/Assignment1/Assignment1'
Scanning sources...
Finished scanning sources
INFO: [IP_Flow 19-234] Refreshing IP repositories
INFO: [IP_Flow 19-1704] No user IP repositories specified
INFO: [IP_Flow 19-2313] Loaded Vivado IP repository 'C:/Xilinx/Vivado/2016.2/data/ip'.
open_project: Time (s): cpu = 00:00:14 ; elapsed = 00:00:07 . Memory (MB): peak = 743.188 ; gain = 103.047
update_compile_order -fileset sources_1
update_compile_order -fileset sources_1
update_compile_order -fileset sim_1
launch_runs synth_1
INFO: [HDL 9-2216] Analyzing Verilog file "C:/Users/Schifman Ben/Documents/UofA/Senior 2016-2017/Fall 2016/574 ECE/Assignments/Assignment1/Assignment1/Assignment1.srcs/sources_1/new/SUB.v" into library work [C:/Users/Schifman Ben/Documents/UofA/Senior 2016-2017/Fall 2016/574 ECE/Assignments/Assignment1/Assignment1/Assignment1.srcs/sources_1/new/SUB.v:1]
[Tue Sep 06 14:43:27 2016] Launched synth_1...
Run output will be captured here: C:/Users/Schifman Ben/Documents/UofA/Senior 2016-2017/Fall 2016/574 ECE/Assignments/Assignment1/Assignment1/Assignment1.runs/synth_1/runme.log
reset_run synth_1
launch_runs synth_1
INFO: [HDL 9-2216] Analyzing Verilog file "C:/Users/Schifman Ben/Documents/UofA/Senior 2016-2017/Fall 2016/574 ECE/Assignments/Assignment1/Assignment1/Assignment1.srcs/sources_1/new/ADD.v" into library work [C:/Users/Schifman Ben/Documents/UofA/Senior 2016-2017/Fall 2016/574 ECE/Assignments/Assignment1/Assignment1/Assignment1.srcs/sources_1/new/ADD.v:1]
[Tue Sep 06 14:44:48 2016] Launched synth_1...
Run output will be captured here: C:/Users/Schifman Ben/Documents/UofA/Senior 2016-2017/Fall 2016/574 ECE/Assignments/Assignment1/Assignment1/Assignment1.runs/synth_1/runme.log
file mkdir C:/Users/Schifman Ben/Documents/UofA/Senior 2016-2017/Fall 2016/574 ECE/Assignments/Assignment1/Assignment1/Assignment1.srcs/sim_1/new
can't create directory "C:/Users/Schifman": permission denied
file mkdir C:/Users/Schifman Ben/Documents/UofA/Senior 2016-2017/Fall 2016/574 ECE/Assignments/Assignment1/Assignment1/Assignment1.srcs/sim_1/new
can't create directory "C:/Users/Schifman": permission denied
file mkdir C:/Users/Schifman Ben/Documents/UofA/Senior 2016-2017/Fall 2016/574 ECE/Assignments/Assignment1/Assignment1/Assignment1.srcs/sim_1/new
can't create directory "C:/Users/Schifman": permission denied
file mkdir C:/Users/Schifman Ben/Documents/UofA/Senior 2016-2017/Fall 2016/574 ECE/Assignments/Assignment1/Assignment1/Assignment1.srcs/sim_1/new
can't create directory "C:/Users/Schifman": permission denied
file mkdir C:/Users/Schifman Ben/Documents/UofA/Senior 2016-2017/Fall 2016/574 ECE/Assignments/Assignment1/Assignment1/Assignment1.srcs/sim_1/new
can't create directory "C:/Users/Schifman": permission denied
set_property SOURCE_SET sources_1 [get_filesets sim_1]
file mkdir C:/Users/Schifman Ben/Documents/UofA/Senior 2016-2017/Fall 2016/574 ECE/Assignments/Assignment1/Assignment1/Assignment1.srcs/sim_1/new
can't create directory "C:/Users/Schifman": permission denied
file mkdir {C:/Users/Schifman Ben/Documents/UofA/Senior 2016-2017/Fall 2016/574 ECE/Assignments/Assignment1/Assignment1/Assignment1.srcs/sim_1/new}
close [ open {C:/Users/Schifman Ben/Documents/UofA/Senior 2016-2017/Fall 2016/574 ECE/Assignments/Assignment1/Assignment1/Assignment1.srcs/sim_1/new/Assignment1.v} w ]
add_files -fileset sim_1 {{C:/Users/Schifman Ben/Documents/UofA/Senior 2016-2017/Fall 2016/574 ECE/Assignments/Assignment1/Assignment1/Assignment1.srcs/sim_1/new/Assignment1.v}}
update_compile_order -fileset sim_1
set_property top Assignment1 [get_filesets sim_1]
set_property top_lib xil_defaultlib [get_filesets sim_1]
update_compile_order -fileset sim_1
launch_simulation
INFO: [USF-XSim-27] Simulation object is 'sim_1'
INFO: [USF-XSim-37] Inspecting design source files for 'Assignment1' in fileset 'sim_1'...
INFO: [USF-XSim-97] Finding global include files...
INFO: [USF-XSim-98] Fetching design files from 'sim_1'...
INFO: [USF-XSim-2] XSim::Compile design
INFO: [USF-XSim-61] Executing 'COMPILE and ANALYZE' step in 'C:/Users/Schifman Ben/Documents/UofA/Senior 2016-2017/Fall 2016/574 ECE/Assignments/Assignment1/Assignment1/Assignment1.sim/sim_1/behav'
"xvlog -m64 --relax -prj Assignment1_vlog.prj"
INFO: [VRFC 10-2263] Analyzing Verilog file "C:/Users/Schifman Ben/Documents/UofA/Senior 2016-2017/Fall 2016/574 ECE/Assignments/Assignment1/Assignment1/Assignment1.srcs/sim_1/new/Assignment1.v" into library xil_defaultlib
INFO: [VRFC 10-311] analyzing module Assignment1
ERROR: [VRFC 10-1412] syntax error near # [C:/Users/Schifman Ben/Documents/UofA/Senior 2016-2017/Fall 2016/574 ECE/Assignments/Assignment1/Assignment1/Assignment1.srcs/sim_1/new/Assignment1.v:31]
ERROR: [VRFC 10-2109] no definition for port d [C:/Users/Schifman Ben/Documents/UofA/Senior 2016-2017/Fall 2016/574 ECE/Assignments/Assignment1/Assignment1/Assignment1.srcs/sim_1/new/Assignment1.v:23]
ERROR: [VRFC 10-51] a is an unknown type [C:/Users/Schifman Ben/Documents/UofA/Senior 2016-2017/Fall 2016/574 ECE/Assignments/Assignment1/Assignment1/Assignment1.srcs/sim_1/new/Assignment1.v:32]
ERROR: [VRFC 10-51] b is an unknown type [C:/Users/Schifman Ben/Documents/UofA/Senior 2016-2017/Fall 2016/574 ECE/Assignments/Assignment1/Assignment1/Assignment1.srcs/sim_1/new/Assignment1.v:33]
ERROR: [VRFC 10-1040] module Assignment1 ignored due to previous errors [C:/Users/Schifman Ben/Documents/UofA/Senior 2016-2017/Fall 2016/574 ECE/Assignments/Assignment1/Assignment1/Assignment1.srcs/sim_1/new/Assignment1.v:23]
INFO: [USF-XSim-69] 'compile' step finished in '1' seconds
INFO: [USF-XSim-99] Step results log file:'C:/Users/Schifman Ben/Documents/UofA/Senior 2016-2017/Fall 2016/574 ECE/Assignments/Assignment1/Assignment1/Assignment1.sim/sim_1/behav/xvlog.log'
ERROR: [USF-XSim-62] 'compile' step failed with error(s). Please check the Tcl console output or 'C:/Users/Schifman Ben/Documents/UofA/Senior 2016-2017/Fall 2016/574 ECE/Assignments/Assignment1/Assignment1/Assignment1.sim/sim_1/behav/xvlog.log' file for more information.
ERROR: [Vivado 12-4473] Detected error while running simulation. Please correct the issue and retry this operation.
ERROR: [Common 17-39] 'launch_simulation' failed due to earlier errors.
remove_files -fileset sim_1 {{C:/Users/Schifman Ben/Documents/UofA/Senior 2016-2017/Fall 2016/574 ECE/Assignments/Assignment1/Assignment1/Assignment1.srcs/sim_1/new/Assignment1.v}}
file delete -force {C:/Users/Schifman Ben/Documents/UofA/Senior 2016-2017/Fall 2016/574 ECE/Assignments/Assignment1/Assignment1/Assignment1.srcs/sim_1/new/Assignment1.v}
set_property SOURCE_SET sources_1 [get_filesets sim_1]
close [ open {C:/Users/Schifman Ben/Documents/UofA/Senior 2016-2017/Fall 2016/574 ECE/Assignments/Assignment1/Assignment1/Assignment1.srcs/sim_1/new/Assignment1_tb.v} w ]
add_files -fileset sim_1 {{C:/Users/Schifman Ben/Documents/UofA/Senior 2016-2017/Fall 2016/574 ECE/Assignments/Assignment1/Assignment1/Assignment1.srcs/sim_1/new/Assignment1_tb.v}}
update_compile_order -fileset sim_1
update_compile_order -fileset sim_1
set_property top Assignment1_tb [get_filesets sim_1]
set_property top_lib xil_defaultlib [get_filesets sim_1]
update_compile_order -fileset sim_1
launch_simulation
INFO: [USF-XSim-27] Simulation object is 'sim_1'
INFO: [USF-XSim-37] Inspecting design source files for 'Assignment1_tb' in fileset 'sim_1'...
INFO: [USF-XSim-97] Finding global include files...
INFO: [USF-XSim-98] Fetching design files from 'sim_1'...
INFO: [USF-XSim-2] XSim::Compile design
INFO: [USF-XSim-61] Executing 'COMPILE and ANALYZE' step in 'C:/Users/Schifman Ben/Documents/UofA/Senior 2016-2017/Fall 2016/574 ECE/Assignments/Assignment1/Assignment1/Assignment1.sim/sim_1/behav'
"xvlog -m64 --relax -prj Assignment1_tb_vlog.prj"
INFO: [VRFC 10-2263] Analyzing Verilog file "C:/Users/Schifman Ben/Documents/UofA/Senior 2016-2017/Fall 2016/574 ECE/Assignments/Assignment1/Assignment1/Assignment1.srcs/sources_1/new/ADD.v" into library xil_defaultlib
INFO: [VRFC 10-311] analyzing module ADD2
INFO: [VRFC 10-2263] Analyzing Verilog file "C:/Users/Schifman Ben/Documents/UofA/Senior 2016-2017/Fall 2016/574 ECE/Assignments/Assignment1/Assignment1/Assignment1.srcs/sim_1/new/Assignment1_tb.v" into library xil_defaultlib
INFO: [VRFC 10-311] analyzing module Assignment1_tb
ERROR: [VRFC 10-91] DATAWIDTH is not declared [C:/Users/Schifman Ben/Documents/UofA/Senior 2016-2017/Fall 2016/574 ECE/Assignments/Assignment1/Assignment1/Assignment1.srcs/sim_1/new/Assignment1_tb.v:25]
ERROR: [VRFC 10-1775] range must be bounded by constant expressions [C:/Users/Schifman Ben/Documents/UofA/Senior 2016-2017/Fall 2016/574 ECE/Assignments/Assignment1/Assignment1/Assignment1.srcs/sim_1/new/Assignment1_tb.v:25]
ERROR: [VRFC 10-91] DATAWIDTH is not declared [C:/Users/Schifman Ben/Documents/UofA/Senior 2016-2017/Fall 2016/574 ECE/Assignments/Assignment1/Assignment1/Assignment1.srcs/sim_1/new/Assignment1_tb.v:26]
ERROR: [VRFC 10-1775] range must be bounded by constant expressions [C:/Users/Schifman Ben/Documents/UofA/Senior 2016-2017/Fall 2016/574 ECE/Assignments/Assignment1/Assignment1/Assignment1.srcs/sim_1/new/Assignment1_tb.v:26]
ERROR: [VRFC 10-1040] module Assignment1_tb ignored due to previous errors [C:/Users/Schifman Ben/Documents/UofA/Senior 2016-2017/Fall 2016/574 ECE/Assignments/Assignment1/Assignment1/Assignment1.srcs/sim_1/new/Assignment1_tb.v:22]
INFO: [USF-XSim-69] 'compile' step finished in '1' seconds
INFO: [USF-XSim-99] Step results log file:'C:/Users/Schifman Ben/Documents/UofA/Senior 2016-2017/Fall 2016/574 ECE/Assignments/Assignment1/Assignment1/Assignment1.sim/sim_1/behav/xvlog.log'
ERROR: [USF-XSim-62] 'compile' step failed with error(s). Please check the Tcl console output or 'C:/Users/Schifman Ben/Documents/UofA/Senior 2016-2017/Fall 2016/574 ECE/Assignments/Assignment1/Assignment1/Assignment1.sim/sim_1/behav/xvlog.log' file for more information.
ERROR: [Vivado 12-4473] Detected error while running simulation. Please correct the issue and retry this operation.
ERROR: [Common 17-39] 'launch_simulation' failed due to earlier errors.
launch_simulation
INFO: [USF-XSim-27] Simulation object is 'sim_1'
INFO: [USF-XSim-37] Inspecting design source files for 'Assignment1_tb' in fileset 'sim_1'...
INFO: [USF-XSim-97] Finding global include files...
INFO: [USF-XSim-98] Fetching design files from 'sim_1'...
INFO: [USF-XSim-2] XSim::Compile design
INFO: [USF-XSim-61] Executing 'COMPILE and ANALYZE' step in 'C:/Users/Schifman Ben/Documents/UofA/Senior 2016-2017/Fall 2016/574 ECE/Assignments/Assignment1/Assignment1/Assignment1.sim/sim_1/behav'
"xvlog -m64 --relax -prj Assignment1_tb_vlog.prj"
INFO: [VRFC 10-2263] Analyzing Verilog file "C:/Users/Schifman Ben/Documents/UofA/Senior 2016-2017/Fall 2016/574 ECE/Assignments/Assignment1/Assignment1/Assignment1.srcs/sources_1/new/ADD.v" into library xil_defaultlib
INFO: [VRFC 10-311] analyzing module ADD2
INFO: [VRFC 10-2263] Analyzing Verilog file "C:/Users/Schifman Ben/Documents/UofA/Senior 2016-2017/Fall 2016/574 ECE/Assignments/Assignment1/Assignment1/Assignment1.srcs/sim_1/new/Assignment1_tb.v" into library xil_defaultlib
INFO: [VRFC 10-311] analyzing module Assignment1_tb
INFO: [VRFC 10-2263] Analyzing Verilog file "C:/Users/Schifman Ben/Documents/UofA/Senior 2016-2017/Fall 2016/574 ECE/Assignments/Assignment1/Assignment1/Assignment1.sim/sim_1/behav/glbl.v" into library xil_defaultlib
INFO: [VRFC 10-311] analyzing module glbl
INFO: [USF-XSim-69] 'compile' step finished in '1' seconds
INFO: [USF-XSim-3] XSim::Elaborate design
INFO: [USF-XSim-61] Executing 'ELABORATE' step in 'C:/Users/Schifman Ben/Documents/UofA/Senior 2016-2017/Fall 2016/574 ECE/Assignments/Assignment1/Assignment1/Assignment1.sim/sim_1/behav'
Vivado Simulator 2016.2
Copyright 1986-1999, 2001-2016 Xilinx, Inc. All Rights Reserved.
Running: C:/Xilinx/Vivado/2016.2/bin/unwrapped/win64.o/xelab.exe -wto 7925cca66b1849f1af17f44578625c15 --debug typical --relax --mt 2 -L xil_defaultlib -L unisims_ver -L unimacro_ver -L secureip --snapshot Assignment1_tb_behav xil_defaultlib.Assignment1_tb xil_defaultlib.glbl -log elaborate.log 
Using 2 slave threads.
Starting static elaboration
Completed static elaboration
Starting simulation data flow analysis
Completed simulation data flow analysis
Time Resolution for simulation is 1ps
Compiling module xil_defaultlib.ADD2
Compiling module xil_defaultlib.Assignment1_tb
Compiling module xil_defaultlib.glbl
Built simulation snapshot Assignment1_tb_behav

****** Webtalk v2016.2 (64-bit)
  **** SW Build 1577090 on Thu Jun  2 16:32:40 MDT 2016
  **** IP Build 1577682 on Fri Jun  3 12:00:54 MDT 2016
    ** Copyright 1986-2016 Xilinx, Inc. All Rights Reserved.

source C:/Users/Schifman -notrace
couldn't read file "C:/Users/Schifman": no such file or directory
INFO: [Common 17-206] Exiting Webtalk at Tue Sep 06 14:56:35 2016...
INFO: [USF-XSim-69] 'elaborate' step finished in '3' seconds
INFO: [USF-XSim-4] XSim::Simulate design
INFO: [USF-XSim-61] Executing 'SIMULATE' step in 'C:/Users/Schifman Ben/Documents/UofA/Senior 2016-2017/Fall 2016/574 ECE/Assignments/Assignment1/Assignment1/Assignment1.sim/sim_1/behav'
INFO: [USF-XSim-98] *** Running xsim
   with args "Assignment1_tb_behav -key {Behavioral:sim_1:Functional:Assignment1_tb} -tclbatch {Assignment1_tb.tcl} -log {simulate.log}"
INFO: [USF-XSim-8] Loading simulator feature
Vivado Simulator 2016.2
Time resolution is 1 ps
source Assignment1_tb.tcl
# set curr_wave [current_wave_config]
# if { [string length $curr_wave] == 0 } {
#   if { [llength [get_objects]] > 0} {
#     add_wave /
#     set_property needs_save false [current_wave_config]
#   } else {
#      send_msg_id Add_Wave-1 WARNING "No top level signals found. Simulator will start without a wave window. If you want to open a wave window go to 'File->New Waveform Configuration' or type 'create_wave_config' in the TCL console."
#   }
# }
# run 1000ns
INFO: [USF-XSim-96] XSim completed. Design snapshot 'Assignment1_tb_behav' loaded.
INFO: [USF-XSim-97] XSim simulation ran for 1000ns
launch_simulation: Time (s): cpu = 00:00:03 ; elapsed = 00:00:07 . Memory (MB): peak = 856.383 ; gain = 0.000
restart
INFO: [Simtcl 6-17] Simulation restarted
run 50 ns
close_sim
INFO: [Simtcl 6-16] Simulation closed
launch_simulation
INFO: [USF-XSim-27] Simulation object is 'sim_1'
INFO: [USF-XSim-37] Inspecting design source files for 'Assignment1_tb' in fileset 'sim_1'...
INFO: [USF-XSim-97] Finding global include files...
INFO: [USF-XSim-98] Fetching design files from 'sim_1'...
INFO: [USF-XSim-2] XSim::Compile design
INFO: [USF-XSim-61] Executing 'COMPILE and ANALYZE' step in 'C:/Users/Schifman Ben/Documents/UofA/Senior 2016-2017/Fall 2016/574 ECE/Assignments/Assignment1/Assignment1/Assignment1.sim/sim_1/behav'
"xvlog -m64 --relax -prj Assignment1_tb_vlog.prj"
INFO: [VRFC 10-2263] Analyzing Verilog file "C:/Users/Schifman Ben/Documents/UofA/Senior 2016-2017/Fall 2016/574 ECE/Assignments/Assignment1/Assignment1/Assignment1.srcs/sources_1/new/ADD.v" into library xil_defaultlib
INFO: [VRFC 10-311] analyzing module ADD2
INFO: [VRFC 10-2263] Analyzing Verilog file "C:/Users/Schifman Ben/Documents/UofA/Senior 2016-2017/Fall 2016/574 ECE/Assignments/Assignment1/Assignment1/Assignment1.srcs/sim_1/new/Assignment1_tb.v" into library xil_defaultlib
INFO: [VRFC 10-311] analyzing module Assignment1_tb
INFO: [VRFC 10-2263] Analyzing Verilog file "C:/Users/Schifman Ben/Documents/UofA/Senior 2016-2017/Fall 2016/574 ECE/Assignments/Assignment1/Assignment1/Assignment1.sim/sim_1/behav/glbl.v" into library xil_defaultlib
INFO: [VRFC 10-311] analyzing module glbl
INFO: [USF-XSim-69] 'compile' step finished in '1' seconds
INFO: [USF-XSim-3] XSim::Elaborate design
INFO: [USF-XSim-61] Executing 'ELABORATE' step in 'C:/Users/Schifman Ben/Documents/UofA/Senior 2016-2017/Fall 2016/574 ECE/Assignments/Assignment1/Assignment1/Assignment1.sim/sim_1/behav'
Vivado Simulator 2016.2
Copyright 1986-1999, 2001-2016 Xilinx, Inc. All Rights Reserved.
Running: C:/Xilinx/Vivado/2016.2/bin/unwrapped/win64.o/xelab.exe -wto 7925cca66b1849f1af17f44578625c15 --debug typical --relax --mt 2 -L xil_defaultlib -L unisims_ver -L unimacro_ver -L secureip --snapshot Assignment1_tb_behav xil_defaultlib.Assignment1_tb xil_defaultlib.glbl -log elaborate.log 
Using 2 slave threads.
Starting static elaboration
Completed static elaboration
Starting simulation data flow analysis
Completed simulation data flow analysis
Time Resolution for simulation is 1ps
Compiling module xil_defaultlib.ADD2
Compiling module xil_defaultlib.Assignment1_tb
Compiling module xil_defaultlib.glbl
Built simulation snapshot Assignment1_tb_behav

****** Webtalk v2016.2 (64-bit)
  **** SW Build 1577090 on Thu Jun  2 16:32:40 MDT 2016
  **** IP Build 1577682 on Fri Jun  3 12:00:54 MDT 2016
    ** Copyright 1986-2016 Xilinx, Inc. All Rights Reserved.

source C:/Users/Schifman -notrace
couldn't read file "C:/Users/Schifman": no such file or directory
INFO: [Common 17-206] Exiting Webtalk at Tue Sep 06 14:58:01 2016...
INFO: [USF-XSim-69] 'elaborate' step finished in '3' seconds
INFO: [USF-XSim-4] XSim::Simulate design
INFO: [USF-XSim-61] Executing 'SIMULATE' step in 'C:/Users/Schifman Ben/Documents/UofA/Senior 2016-2017/Fall 2016/574 ECE/Assignments/Assignment1/Assignment1/Assignment1.sim/sim_1/behav'
INFO: [USF-XSim-98] *** Running xsim
   with args "Assignment1_tb_behav -key {Behavioral:sim_1:Functional:Assignment1_tb} -tclbatch {Assignment1_tb.tcl} -log {simulate.log}"
INFO: [USF-XSim-8] Loading simulator feature
Vivado Simulator 2016.2
Time resolution is 1 ps
source Assignment1_tb.tcl
# set curr_wave [current_wave_config]
# if { [string length $curr_wave] == 0 } {
#   if { [llength [get_objects]] > 0} {
#     add_wave /
#     set_property needs_save false [current_wave_config]
#   } else {
#      send_msg_id Add_Wave-1 WARNING "No top level signals found. Simulator will start without a wave window. If you want to open a wave window go to 'File->New Waveform Configuration' or type 'create_wave_config' in the TCL console."
#   }
# }
# run 1000ns
INFO: [USF-XSim-96] XSim completed. Design snapshot 'Assignment1_tb_behav' loaded.
INFO: [USF-XSim-97] XSim simulation ran for 1000ns
launch_simulation: Time (s): cpu = 00:00:04 ; elapsed = 00:00:08 . Memory (MB): peak = 856.383 ; gain = 0.000
restart
INFO: [Simtcl 6-17] Simulation restarted
run 50 ns
close_sim
INFO: [Simtcl 6-16] Simulation closed
launch_simulation
INFO: [USF-XSim-27] Simulation object is 'sim_1'
INFO: [USF-XSim-37] Inspecting design source files for 'Assignment1_tb' in fileset 'sim_1'...
INFO: [USF-XSim-97] Finding global include files...
INFO: [USF-XSim-98] Fetching design files from 'sim_1'...
INFO: [USF-XSim-2] XSim::Compile design
INFO: [USF-XSim-61] Executing 'COMPILE and ANALYZE' step in 'C:/Users/Schifman Ben/Documents/UofA/Senior 2016-2017/Fall 2016/574 ECE/Assignments/Assignment1/Assignment1/Assignment1.sim/sim_1/behav'
"xvlog -m64 --relax -prj Assignment1_tb_vlog.prj"
INFO: [VRFC 10-2263] Analyzing Verilog file "C:/Users/Schifman Ben/Documents/UofA/Senior 2016-2017/Fall 2016/574 ECE/Assignments/Assignment1/Assignment1/Assignment1.srcs/sources_1/new/ADD.v" into library xil_defaultlib
INFO: [VRFC 10-311] analyzing module ADD2
INFO: [VRFC 10-2263] Analyzing Verilog file "C:/Users/Schifman Ben/Documents/UofA/Senior 2016-2017/Fall 2016/574 ECE/Assignments/Assignment1/Assignment1/Assignment1.srcs/sim_1/new/Assignment1_tb.v" into library xil_defaultlib
INFO: [VRFC 10-311] analyzing module Assignment1_tb
INFO: [VRFC 10-2263] Analyzing Verilog file "C:/Users/Schifman Ben/Documents/UofA/Senior 2016-2017/Fall 2016/574 ECE/Assignments/Assignment1/Assignment1/Assignment1.sim/sim_1/behav/glbl.v" into library xil_defaultlib
INFO: [VRFC 10-311] analyzing module glbl
INFO: [USF-XSim-69] 'compile' step finished in '1' seconds
INFO: [USF-XSim-3] XSim::Elaborate design
INFO: [USF-XSim-61] Executing 'ELABORATE' step in 'C:/Users/Schifman Ben/Documents/UofA/Senior 2016-2017/Fall 2016/574 ECE/Assignments/Assignment1/Assignment1/Assignment1.sim/sim_1/behav'
Vivado Simulator 2016.2
Copyright 1986-1999, 2001-2016 Xilinx, Inc. All Rights Reserved.
Running: C:/Xilinx/Vivado/2016.2/bin/unwrapped/win64.o/xelab.exe -wto 7925cca66b1849f1af17f44578625c15 --debug typical --relax --mt 2 -L xil_defaultlib -L unisims_ver -L unimacro_ver -L secureip --snapshot Assignment1_tb_behav xil_defaultlib.Assignment1_tb xil_defaultlib.glbl -log elaborate.log 
Using 2 slave threads.
Starting static elaboration
Completed static elaboration
Starting simulation data flow analysis
Completed simulation data flow analysis
Time Resolution for simulation is 1ps
Compiling module xil_defaultlib.ADD2
Compiling module xil_defaultlib.Assignment1_tb
Compiling module xil_defaultlib.glbl
Built simulation snapshot Assignment1_tb_behav

****** Webtalk v2016.2 (64-bit)
  **** SW Build 1577090 on Thu Jun  2 16:32:40 MDT 2016
  **** IP Build 1577682 on Fri Jun  3 12:00:54 MDT 2016
    ** Copyright 1986-2016 Xilinx, Inc. All Rights Reserved.

source C:/Users/Schifman -notrace
couldn't read file "C:/Users/Schifman": no such file or directory
INFO: [Common 17-206] Exiting Webtalk at Tue Sep 06 14:59:56 2016...
INFO: [USF-XSim-69] 'elaborate' step finished in '3' seconds
INFO: [USF-XSim-4] XSim::Simulate design
INFO: [USF-XSim-61] Executing 'SIMULATE' step in 'C:/Users/Schifman Ben/Documents/UofA/Senior 2016-2017/Fall 2016/574 ECE/Assignments/Assignment1/Assignment1/Assignment1.sim/sim_1/behav'
INFO: [USF-XSim-98] *** Running xsim
   with args "Assignment1_tb_behav -key {Behavioral:sim_1:Functional:Assignment1_tb} -tclbatch {Assignment1_tb.tcl} -log {simulate.log}"
INFO: [USF-XSim-8] Loading simulator feature
Vivado Simulator 2016.2
Time resolution is 1 ps
source Assignment1_tb.tcl
# set curr_wave [current_wave_config]
# if { [string length $curr_wave] == 0 } {
#   if { [llength [get_objects]] > 0} {
#     add_wave /
#     set_property needs_save false [current_wave_config]
#   } else {
#      send_msg_id Add_Wave-1 WARNING "No top level signals found. Simulator will start without a wave window. If you want to open a wave window go to 'File->New Waveform Configuration' or type 'create_wave_config' in the TCL console."
#   }
# }
# run 1000ns
INFO: [USF-XSim-96] XSim completed. Design snapshot 'Assignment1_tb_behav' loaded.
INFO: [USF-XSim-97] XSim simulation ran for 1000ns
launch_simulation: Time (s): cpu = 00:00:03 ; elapsed = 00:00:08 . Memory (MB): peak = 856.383 ; gain = 0.000
run all
restart
INFO: [Simtcl 6-17] Simulation restarted
run 50 ns
close_sim
INFO: [Simtcl 6-16] Simulation closed
launch_simulation
INFO: [USF-XSim-27] Simulation object is 'sim_1'
INFO: [USF-XSim-37] Inspecting design source files for 'Assignment1_tb' in fileset 'sim_1'...
INFO: [USF-XSim-97] Finding global include files...
INFO: [USF-XSim-98] Fetching design files from 'sim_1'...
INFO: [USF-XSim-2] XSim::Compile design
INFO: [USF-XSim-61] Executing 'COMPILE and ANALYZE' step in 'C:/Users/Schifman Ben/Documents/UofA/Senior 2016-2017/Fall 2016/574 ECE/Assignments/Assignment1/Assignment1/Assignment1.sim/sim_1/behav'
"xvlog -m64 --relax -prj Assignment1_tb_vlog.prj"
INFO: [VRFC 10-2263] Analyzing Verilog file "C:/Users/Schifman Ben/Documents/UofA/Senior 2016-2017/Fall 2016/574 ECE/Assignments/Assignment1/Assignment1/Assignment1.srcs/sources_1/new/ADD.v" into library xil_defaultlib
INFO: [VRFC 10-311] analyzing module ADD2
INFO: [VRFC 10-2263] Analyzing Verilog file "C:/Users/Schifman Ben/Documents/UofA/Senior 2016-2017/Fall 2016/574 ECE/Assignments/Assignment1/Assignment1/Assignment1.srcs/sim_1/new/Assignment1_tb.v" into library xil_defaultlib
INFO: [VRFC 10-311] analyzing module Assignment1_tb
INFO: [VRFC 10-2263] Analyzing Verilog file "C:/Users/Schifman Ben/Documents/UofA/Senior 2016-2017/Fall 2016/574 ECE/Assignments/Assignment1/Assignment1/Assignment1.sim/sim_1/behav/glbl.v" into library xil_defaultlib
INFO: [VRFC 10-311] analyzing module glbl
INFO: [USF-XSim-69] 'compile' step finished in '1' seconds
INFO: [USF-XSim-3] XSim::Elaborate design
INFO: [USF-XSim-61] Executing 'ELABORATE' step in 'C:/Users/Schifman Ben/Documents/UofA/Senior 2016-2017/Fall 2016/574 ECE/Assignments/Assignment1/Assignment1/Assignment1.sim/sim_1/behav'
Vivado Simulator 2016.2
Copyright 1986-1999, 2001-2016 Xilinx, Inc. All Rights Reserved.
Running: C:/Xilinx/Vivado/2016.2/bin/unwrapped/win64.o/xelab.exe -wto 7925cca66b1849f1af17f44578625c15 --debug typical --relax --mt 2 -L xil_defaultlib -L unisims_ver -L unimacro_ver -L secureip --snapshot Assignment1_tb_behav xil_defaultlib.Assignment1_tb xil_defaultlib.glbl -log elaborate.log 
Using 2 slave threads.
Starting static elaboration
Completed static elaboration
Starting simulation data flow analysis
Completed simulation data flow analysis
Time Resolution for simulation is 1ps
Compiling module xil_defaultlib.ADD2
Compiling module xil_defaultlib.Assignment1_tb
Compiling module xil_defaultlib.glbl
Built simulation snapshot Assignment1_tb_behav

****** Webtalk v2016.2 (64-bit)
  **** SW Build 1577090 on Thu Jun  2 16:32:40 MDT 2016
  **** IP Build 1577682 on Fri Jun  3 12:00:54 MDT 2016
    ** Copyright 1986-2016 Xilinx, Inc. All Rights Reserved.

source C:/Users/Schifman -notrace
couldn't read file "C:/Users/Schifman": no such file or directory
INFO: [Common 17-206] Exiting Webtalk at Tue Sep 06 15:01:40 2016...
INFO: [USF-XSim-69] 'elaborate' step finished in '3' seconds
INFO: [USF-XSim-4] XSim::Simulate design
INFO: [USF-XSim-61] Executing 'SIMULATE' step in 'C:/Users/Schifman Ben/Documents/UofA/Senior 2016-2017/Fall 2016/574 ECE/Assignments/Assignment1/Assignment1/Assignment1.sim/sim_1/behav'
INFO: [USF-XSim-98] *** Running xsim
   with args "Assignment1_tb_behav -key {Behavioral:sim_1:Functional:Assignment1_tb} -tclbatch {Assignment1_tb.tcl} -log {simulate.log}"
INFO: [USF-XSim-8] Loading simulator feature
Vivado Simulator 2016.2
Time resolution is 1 ps
source Assignment1_tb.tcl
# set curr_wave [current_wave_config]
# if { [string length $curr_wave] == 0 } {
#   if { [llength [get_objects]] > 0} {
#     add_wave /
#     set_property needs_save false [current_wave_config]
#   } else {
#      send_msg_id Add_Wave-1 WARNING "No top level signals found. Simulator will start without a wave window. If you want to open a wave window go to 'File->New Waveform Configuration' or type 'create_wave_config' in the TCL console."
#   }
# }
# run 1000ns
INFO: [USF-XSim-96] XSim completed. Design snapshot 'Assignment1_tb_behav' loaded.
INFO: [USF-XSim-97] XSim simulation ran for 1000ns
launch_simulation: Time (s): cpu = 00:00:04 ; elapsed = 00:00:08 . Memory (MB): peak = 856.383 ; gain = 0.000
close_sim
INFO: [Simtcl 6-16] Simulation closed
exit
INFO: [Common 17-206] Exiting Vivado at Tue Sep 06 15:02:14 2016...
