
*** Running vivado
    with args -log Netlist4.vdi -applog -m64 -messageDb vivado.pb -mode batch -source Netlist4.tcl -notrace


****** Vivado v2016.2 (64-bit)
  **** SW Build 1577090 on Thu Jun  2 16:32:40 MDT 2016
  **** IP Build 1577682 on Fri Jun  3 12:00:54 MDT 2016
    ** Copyright 1986-2016 Xilinx, Inc. All Rights Reserved.

source Netlist4.tcl -notrace
Design is defaulting to srcset: sources_1
Design is defaulting to constrset: constrs_1
INFO: [Netlist 29-17] Analyzing 182 Unisim elements for replacement
INFO: [Netlist 29-28] Unisim Transformation completed in 0 CPU seconds
INFO: [Project 1-479] Netlist was created with Vivado 2016.2
INFO: [Device 21-403] Loading part xc7a100tcsg324-1
INFO: [Project 1-570] Preparing netlist for logic optimization
INFO: [Opt 31-138] Pushed 0 inverter(s) to 0 load pin(s).
INFO: [Project 1-111] Unisim Transformation Summary:
No Unisim elements were transformed.

link_design: Time (s): cpu = 00:00:06 ; elapsed = 00:00:06 . Memory (MB): peak = 448.590 ; gain = 241.633
INFO: [Vivado_Tcl 4-424] Cannot write hardware definition file as there are no IPI block design hardware handoff files present
Command: opt_design
Attempting to get a license for feature 'Implementation' and/or device 'xc7a100t'
INFO: [Common 17-349] Got license for feature 'Implementation' and/or device 'xc7a100t'
Running DRC as a precondition to command opt_design

Starting DRC Task
INFO: [DRC 23-27] Running DRC with 2 threads
INFO: [Project 1-461] DRC finished with 0 Errors
INFO: [Project 1-462] Please refer to the DRC report (report_drc) for more information.

Time (s): cpu = 00:00:00 ; elapsed = 00:00:00.096 . Memory (MB): peak = 455.273 ; gain = 5.547
INFO: [Timing 38-35] Done setting XDC timing constraints.

Starting Logic Optimization Task
Implement Debug Cores | Checksum: 18d4a8d6b

Phase 1 Retarget
INFO: [Opt 31-138] Pushed 0 inverter(s) to 0 load pin(s).
INFO: [Opt 31-49] Retargeted 0 cell(s).
Phase 1 Retarget | Checksum: 18d4a8d6b

Time (s): cpu = 00:00:00 ; elapsed = 00:00:00.054 . Memory (MB): peak = 934.848 ; gain = 0.000

Phase 2 Constant Propagation
INFO: [Opt 31-138] Pushed 0 inverter(s) to 0 load pin(s).
INFO: [Opt 31-10] Eliminated 0 cells.
Phase 2 Constant Propagation | Checksum: 18d4a8d6b

Time (s): cpu = 00:00:00 ; elapsed = 00:00:00.064 . Memory (MB): peak = 934.848 ; gain = 0.000

Phase 3 Sweep
INFO: [Opt 31-12] Eliminated 147 unconnected nets.
INFO: [Opt 31-11] Eliminated 0 unconnected cells.
Phase 3 Sweep | Checksum: 181af02ca

Time (s): cpu = 00:00:00 ; elapsed = 00:00:00.106 . Memory (MB): peak = 934.848 ; gain = 0.000

Starting Connectivity Check Task

Time (s): cpu = 00:00:00 ; elapsed = 00:00:00.002 . Memory (MB): peak = 934.848 ; gain = 0.000
Ending Logic Optimization Task | Checksum: 181af02ca

Time (s): cpu = 00:00:00 ; elapsed = 00:00:00.109 . Memory (MB): peak = 934.848 ; gain = 0.000

Starting Power Optimization Task
INFO: [Pwropt 34-132] Skipping clock gating for clocks with a period < 2.00 ns.
Ending Power Optimization Task | Checksum: 181af02ca

Time (s): cpu = 00:00:00 ; elapsed = 00:00:00.007 . Memory (MB): peak = 934.848 ; gain = 0.000
INFO: [Common 17-83] Releasing license: Implementation
21 Infos, 0 Warnings, 0 Critical Warnings and 0 Errors encountered.
opt_design completed successfully
opt_design: Time (s): cpu = 00:00:11 ; elapsed = 00:00:12 . Memory (MB): peak = 934.848 ; gain = 485.121
INFO: [DRC 23-27] Running DRC with 2 threads
INFO: [Coretcl 2-168] The results of DRC are in file C:/Users/Schifman Ben/Documents/UofA/Senior 2016-2017/Fall 2016/574 ECE/ECE574/Assignments/Assignment1/Assignment1/Assignment1.runs/n4/Netlist4_drc_opted.rpt.
INFO: [Chipscope 16-241] No debug cores found in the current design.
Before running the implement_debug_core command, either use the Set Up Debug wizard (GUI mode)
or use the create_debug_core and connect_debug_core Tcl commands to insert debug cores into the design.
Command: place_design
Attempting to get a license for feature 'Implementation' and/or device 'xc7a100t'
INFO: [Common 17-349] Got license for feature 'Implementation' and/or device 'xc7a100t'
INFO: [DRC 23-27] Running DRC with 2 threads
INFO: [Vivado_Tcl 4-198] DRC finished with 0 Errors
INFO: [Vivado_Tcl 4-199] Please refer to the DRC report (report_drc) for more information.
Running DRC as a precondition to command place_design
INFO: [DRC 23-27] Running DRC with 2 threads
INFO: [Vivado_Tcl 4-198] DRC finished with 0 Errors
INFO: [Vivado_Tcl 4-199] Please refer to the DRC report (report_drc) for more information.

Starting Placer Task
INFO: [Place 30-611] Multithreading enabled for place_design using a maximum of 2 CPUs

Phase 1 Placer Initialization
Netlist sorting complete. Time (s): cpu = 00:00:00 ; elapsed = 00:00:00 . Memory (MB): peak = 934.848 ; gain = 0.000
Netlist sorting complete. Time (s): cpu = 00:00:00 ; elapsed = 00:00:00 . Memory (MB): peak = 934.848 ; gain = 0.000

Phase 1.1 IO Placement/ Clock Placement/ Build Placer Device

Phase 1.1.1 ParallelPlaceIOClockAndInitTop

Phase 1.1.1.1 Pre-Place Cells
Phase 1.1.1.1 Pre-Place Cells | Checksum: 00000000

Time (s): cpu = 00:00:00 ; elapsed = 00:00:00.023 . Memory (MB): peak = 934.848 ; gain = 0.000

Phase 1.1.1.2 Constructing HAPIClkRuleMgr
Phase 1.1.1.2 Constructing HAPIClkRuleMgr | Checksum: 00000000

Time (s): cpu = 00:00:00 ; elapsed = 00:00:00.069 . Memory (MB): peak = 934.848 ; gain = 0.000
INFO: [Timing 38-35] Done setting XDC timing constraints.

Phase 1.1.1.3 IO and Clk Clean Up

Phase 1.1.1.3.1 Constructing HAPIClkRuleMgr
Phase 1.1.1.3.1 Constructing HAPIClkRuleMgr | Checksum: 00000000

Time (s): cpu = 00:00:02 ; elapsed = 00:00:01 . Memory (MB): peak = 954.520 ; gain = 19.672
Phase 1.1.1.3 IO and Clk Clean Up | Checksum: 00000000

Time (s): cpu = 00:00:02 ; elapsed = 00:00:01 . Memory (MB): peak = 954.520 ; gain = 19.672

Phase 1.1.1.4 Implementation Feasibility check On IDelay
Phase 1.1.1.4 Implementation Feasibility check On IDelay | Checksum: 00000000

Time (s): cpu = 00:00:02 ; elapsed = 00:00:01 . Memory (MB): peak = 954.520 ; gain = 19.672

Phase 1.1.1.5 Commit IO Placement
Phase 1.1.1.5 Commit IO Placement | Checksum: db1bfed5

Time (s): cpu = 00:00:02 ; elapsed = 00:00:01 . Memory (MB): peak = 954.520 ; gain = 19.672
Phase 1.1.1 ParallelPlaceIOClockAndInitTop | Checksum: db1bfed5

Time (s): cpu = 00:00:02 ; elapsed = 00:00:01 . Memory (MB): peak = 954.520 ; gain = 19.672
Phase 1.1 IO Placement/ Clock Placement/ Build Placer Device | Checksum: 1a867d12b

Time (s): cpu = 00:00:02 ; elapsed = 00:00:01 . Memory (MB): peak = 954.520 ; gain = 19.672

Phase 1.2 Build Placer Netlist Model

Phase 1.2.1 Place Init Design

Phase 1.2.1.1 Make Others
Phase 1.2.1.1 Make Others | Checksum: 231cc37dd

Time (s): cpu = 00:00:02 ; elapsed = 00:00:01 . Memory (MB): peak = 954.520 ; gain = 19.672
Phase 1.2.1 Place Init Design | Checksum: 25521ac7f

Time (s): cpu = 00:00:02 ; elapsed = 00:00:01 . Memory (MB): peak = 954.520 ; gain = 19.672
Phase 1.2 Build Placer Netlist Model | Checksum: 25521ac7f

Time (s): cpu = 00:00:02 ; elapsed = 00:00:01 . Memory (MB): peak = 954.520 ; gain = 19.672

Phase 1.3 Constrain Clocks/Macros
Phase 1.3 Constrain Clocks/Macros | Checksum: 25521ac7f

Time (s): cpu = 00:00:02 ; elapsed = 00:00:01 . Memory (MB): peak = 954.520 ; gain = 19.672
Phase 1 Placer Initialization | Checksum: 25521ac7f

Time (s): cpu = 00:00:02 ; elapsed = 00:00:01 . Memory (MB): peak = 954.520 ; gain = 19.672

Phase 2 Global Placement
Phase 2 Global Placement | Checksum: 1c42cbf97

Time (s): cpu = 00:00:02 ; elapsed = 00:00:02 . Memory (MB): peak = 954.520 ; gain = 19.672

Phase 3 Detail Placement

Phase 3.1 Commit Multi Column Macros
Phase 3.1 Commit Multi Column Macros | Checksum: 1c42cbf97

Time (s): cpu = 00:00:02 ; elapsed = 00:00:02 . Memory (MB): peak = 954.520 ; gain = 19.672

Phase 3.2 Commit Most Macros & LUTRAMs
Phase 3.2 Commit Most Macros & LUTRAMs | Checksum: 1d27f7f15

Time (s): cpu = 00:00:02 ; elapsed = 00:00:02 . Memory (MB): peak = 954.520 ; gain = 19.672

Phase 3.3 Area Swap Optimization
Phase 3.3 Area Swap Optimization | Checksum: 1d27f7f15

Time (s): cpu = 00:00:02 ; elapsed = 00:00:02 . Memory (MB): peak = 954.520 ; gain = 19.672

Phase 3.4 Small Shape Detail Placement
Phase 3.4 Small Shape Detail Placement | Checksum: 1d27f7f15

Time (s): cpu = 00:00:02 ; elapsed = 00:00:02 . Memory (MB): peak = 954.520 ; gain = 19.672

Phase 3.5 Re-assign LUT pins
Phase 3.5 Re-assign LUT pins | Checksum: 1d27f7f15

Time (s): cpu = 00:00:02 ; elapsed = 00:00:02 . Memory (MB): peak = 954.520 ; gain = 19.672

Phase 3.6 Pipeline Register Optimization
Phase 3.6 Pipeline Register Optimization | Checksum: 1d27f7f15

Time (s): cpu = 00:00:02 ; elapsed = 00:00:02 . Memory (MB): peak = 954.520 ; gain = 19.672
Phase 3 Detail Placement | Checksum: 1d27f7f15

Time (s): cpu = 00:00:02 ; elapsed = 00:00:02 . Memory (MB): peak = 954.520 ; gain = 19.672

Phase 4 Post Placement Optimization and Clean-Up

Phase 4.1 Post Commit Optimization
Phase 4.1 Post Commit Optimization | Checksum: 1d27f7f15

Time (s): cpu = 00:00:02 ; elapsed = 00:00:02 . Memory (MB): peak = 954.520 ; gain = 19.672

Phase 4.2 Sweep Clock Roots: Post-Placement
Phase 4.2 Sweep Clock Roots: Post-Placement | Checksum: 1d27f7f15

Time (s): cpu = 00:00:02 ; elapsed = 00:00:02 . Memory (MB): peak = 954.520 ; gain = 19.672

Phase 4.3 Post Placement Cleanup
Phase 4.3 Post Placement Cleanup | Checksum: 1d27f7f15

Time (s): cpu = 00:00:02 ; elapsed = 00:00:02 . Memory (MB): peak = 954.520 ; gain = 19.672

Phase 4.4 Placer Reporting
Phase 4.4 Placer Reporting | Checksum: 1d27f7f15

Time (s): cpu = 00:00:02 ; elapsed = 00:00:02 . Memory (MB): peak = 954.520 ; gain = 19.672

Phase 4.5 Final Placement Cleanup
Phase 4.5 Final Placement Cleanup | Checksum: 1d27f7f15

Time (s): cpu = 00:00:02 ; elapsed = 00:00:02 . Memory (MB): peak = 954.520 ; gain = 19.672
Phase 4 Post Placement Optimization and Clean-Up | Checksum: 1d27f7f15

Time (s): cpu = 00:00:02 ; elapsed = 00:00:02 . Memory (MB): peak = 954.520 ; gain = 19.672
Ending Placer Task | Checksum: 12189be6e

Time (s): cpu = 00:00:02 ; elapsed = 00:00:02 . Memory (MB): peak = 954.520 ; gain = 19.672
INFO: [Common 17-83] Releasing license: Implementation
34 Infos, 0 Warnings, 0 Critical Warnings and 0 Errors encountered.
place_design completed successfully
Writing placer database...
Writing XDEF routing.
Writing XDEF routing logical nets.
Writing XDEF routing special nets.
Write XDEF Complete: Time (s): cpu = 00:00:01 ; elapsed = 00:00:00.168 . Memory (MB): peak = 954.520 ; gain = 0.000
report_io: Time (s): cpu = 00:00:00 ; elapsed = 00:00:00.061 . Memory (MB): peak = 954.520 ; gain = 0.000
report_utilization: Time (s): cpu = 00:00:00 ; elapsed = 00:00:00.027 . Memory (MB): peak = 954.520 ; gain = 0.000
report_control_sets: Time (s): cpu = 00:00:00 ; elapsed = 00:00:00.006 . Memory (MB): peak = 954.520 ; gain = 0.000
Command: route_design
Attempting to get a license for feature 'Implementation' and/or device 'xc7a100t'
INFO: [Common 17-349] Got license for feature 'Implementation' and/or device 'xc7a100t'
Running DRC as a precondition to command route_design
INFO: [DRC 23-27] Running DRC with 2 threads
INFO: [Vivado_Tcl 4-198] DRC finished with 0 Errors
INFO: [Vivado_Tcl 4-199] Please refer to the DRC report (report_drc) for more information.


Starting Routing Task
INFO: [Route 35-254] Multithreading enabled for route_design using a maximum of 2 CPUs
Checksum: PlaceDB: 543dec18 ConstDB: 0 ShapeSum: cd4bd256 RouteDB: 0

Phase 1 Build RT Design
Phase 1 Build RT Design | Checksum: 1656bad70

Time (s): cpu = 00:00:42 ; elapsed = 00:00:37 . Memory (MB): peak = 1075.422 ; gain = 120.902

Phase 2 Router Initialization
INFO: [Route 35-64] No timing constraints were detected. The router will operate in resource-optimization mode.

Phase 2.1 Fix Topology Constraints
Phase 2.1 Fix Topology Constraints | Checksum: 1656bad70

Time (s): cpu = 00:00:42 ; elapsed = 00:00:37 . Memory (MB): peak = 1080.305 ; gain = 125.785

Phase 2.2 Pre Route Cleanup
Phase 2.2 Pre Route Cleanup | Checksum: 1656bad70

Time (s): cpu = 00:00:42 ; elapsed = 00:00:37 . Memory (MB): peak = 1080.305 ; gain = 125.785
 Number of Nodes with overlaps = 0
Phase 2 Router Initialization | Checksum: c41c9f61

Time (s): cpu = 00:00:42 ; elapsed = 00:00:37 . Memory (MB): peak = 1083.570 ; gain = 129.051

Phase 3 Initial Routing
Phase 3 Initial Routing | Checksum: 8a55c9d3

Time (s): cpu = 00:00:42 ; elapsed = 00:00:37 . Memory (MB): peak = 1083.570 ; gain = 129.051

Phase 4 Rip-up And Reroute

Phase 4.1 Global Iteration 0
 Number of Nodes with overlaps = 0
Phase 4.1 Global Iteration 0 | Checksum: 1175b928b

Time (s): cpu = 00:00:42 ; elapsed = 00:00:37 . Memory (MB): peak = 1083.570 ; gain = 129.051
Phase 4 Rip-up And Reroute | Checksum: 1175b928b

Time (s): cpu = 00:00:42 ; elapsed = 00:00:37 . Memory (MB): peak = 1083.570 ; gain = 129.051

Phase 5 Delay and Skew Optimization
Phase 5 Delay and Skew Optimization | Checksum: 1175b928b

Time (s): cpu = 00:00:42 ; elapsed = 00:00:37 . Memory (MB): peak = 1083.570 ; gain = 129.051

Phase 6 Post Hold Fix

Phase 6.1 Hold Fix Iter
Phase 6.1 Hold Fix Iter | Checksum: 1175b928b

Time (s): cpu = 00:00:42 ; elapsed = 00:00:37 . Memory (MB): peak = 1083.570 ; gain = 129.051
Phase 6 Post Hold Fix | Checksum: 1175b928b

Time (s): cpu = 00:00:42 ; elapsed = 00:00:37 . Memory (MB): peak = 1083.570 ; gain = 129.051

Phase 7 Route finalize

Router Utilization Summary
  Global Vertical Routing Utilization    = 0.157201 %
  Global Horizontal Routing Utilization  = 0.187198 %
  Routable Net Status*
  *Does not include unroutable nets such as driverless and loadless.
  Run report_route_status for detailed report.
  Number of Failed Nets               = 0
  Number of Unrouted Nets             = 0
  Number of Partially Routed Nets     = 0
  Number of Node Overlaps             = 0

Congestion Report
North Dir 1x1 Area, Max Cong = 31.5315%, No Congested Regions.
South Dir 1x1 Area, Max Cong = 32.4324%, No Congested Regions.
East Dir 1x1 Area, Max Cong = 35.2941%, No Congested Regions.
West Dir 1x1 Area, Max Cong = 23.5294%, No Congested Regions.
Phase 7 Route finalize | Checksum: 1175b928b

Time (s): cpu = 00:00:42 ; elapsed = 00:00:37 . Memory (MB): peak = 1083.570 ; gain = 129.051

Phase 8 Verifying routed nets

 Verification completed successfully
Phase 8 Verifying routed nets | Checksum: 1175b928b

Time (s): cpu = 00:00:42 ; elapsed = 00:00:37 . Memory (MB): peak = 1085.039 ; gain = 130.520

Phase 9 Depositing Routes
Phase 9 Depositing Routes | Checksum: f60f47f4

Time (s): cpu = 00:00:42 ; elapsed = 00:00:37 . Memory (MB): peak = 1085.039 ; gain = 130.520
INFO: [Route 35-16] Router Completed Successfully

Time (s): cpu = 00:00:43 ; elapsed = 00:00:37 . Memory (MB): peak = 1085.039 ; gain = 130.520

Routing Is Done.
INFO: [Common 17-83] Releasing license: Implementation
42 Infos, 0 Warnings, 0 Critical Warnings and 0 Errors encountered.
route_design completed successfully
route_design: Time (s): cpu = 00:00:43 ; elapsed = 00:00:38 . Memory (MB): peak = 1085.039 ; gain = 130.520
Writing placer database...
Writing XDEF routing.
Writing XDEF routing logical nets.
Writing XDEF routing special nets.
Write XDEF Complete: Time (s): cpu = 00:00:00 ; elapsed = 00:00:00.115 . Memory (MB): peak = 1085.039 ; gain = 0.000
INFO: [DRC 23-27] Running DRC with 2 threads
INFO: [Coretcl 2-168] The results of DRC are in file C:/Users/Schifman Ben/Documents/UofA/Senior 2016-2017/Fall 2016/574 ECE/ECE574/Assignments/Assignment1/Assignment1/Assignment1.runs/n4/Netlist4_drc_routed.rpt.
INFO: [Timing 38-91] UpdateTimingParams: Speed grade: -1, Delay Type: min_max.
INFO: [Timing 38-191] Multithreading enabled for timing update using a maximum of 2 CPUs
WARNING: [Timing 38-313] There are no user specified timing constraints. Timing constraints are needed for proper timing analysis.
WARNING: [Power 33-232] No user defined clocks were found in the design!
Resolution: Please specify clocks using create_clock/create_generated_clock for sequential elements. For pure combinatorial circuits, please specify a virtual clock, otherwise the vectorless estimation might be inaccurate
Running Vector-less Activity Propagation...

Finished Running Vector-less Activity Propagation
INFO: [Common 17-206] Exiting Vivado at Sun Sep 18 18:53:49 2016...
